2012-06-11 10:48:29,645 INFO  [neo4j.txmanager]: TM new log: tm_tx_log.1
2012-06-11 10:48:29,680 INFO  [neo4j.xafactory]: Opened [/Users/rth/Code/Neo4j/neo4j-community-1.8.M03/data/graph.db/index/lucene.log.1] clean empty log, version=0, lastTxId=1
2012-06-11 10:48:29,683 DEBUG [neo4j.diagnostics]: --- STARTUP diagnostics START ---
2012-06-11 10:48:29,685 DEBUG [neo4j.diagnostics]: Neo4j Kernel properties:
2012-06-11 10:48:29,687 DEBUG [neo4j.diagnostics]: read_only=false
2012-06-11 10:48:29,687 DEBUG [neo4j.diagnostics]: neo4j.ext.udc.host=udc.neo4j.org
2012-06-11 10:48:29,687 DEBUG [neo4j.diagnostics]: logical_log=/Users/rth/Code/Neo4j/neo4j-community-1.8.M03/data/graph.db/nioneo_logical.log
2012-06-11 10:48:29,687 DEBUG [neo4j.diagnostics]: node_auto_indexing=false
2012-06-11 10:48:29,687 DEBUG [neo4j.diagnostics]: intercept_committing_transactions=false
2012-06-11 10:48:29,687 DEBUG [neo4j.diagnostics]: remote_shell_name=shell
2012-06-11 10:48:29,687 DEBUG [neo4j.diagnostics]: cache_type=soft
2012-06-11 10:48:29,687 DEBUG [neo4j.diagnostics]: intercept_deserialized_transactions=false
2012-06-11 10:48:29,687 DEBUG [neo4j.diagnostics]: lucene_searcher_cache_size=2147483647
2012-06-11 10:48:29,687 DEBUG [neo4j.diagnostics]: neo4j.ext.udc.interval=86400000
2012-06-11 10:48:29,687 DEBUG [neo4j.diagnostics]: use_memory_mapped_buffers=true
2012-06-11 10:48:29,687 DEBUG [neo4j.diagnostics]: rebuild_idgenerators_fast=true
2012-06-11 10:48:29,687 DEBUG [neo4j.diagnostics]: neostore.propertystore.db.index.keys.mapped_memory=1M
2012-06-11 10:48:29,688 DEBUG [neo4j.diagnostics]: neostore.propertystore.db.arrays.mapped_memory=639M
2012-06-11 10:48:29,688 DEBUG [neo4j.diagnostics]: neostore.propertystore.db.strings.mapped_memory=563M
2012-06-11 10:48:29,688 DEBUG [neo4j.diagnostics]: gcr_cache_min_log_interval=60s
2012-06-11 10:48:29,688 DEBUG [neo4j.diagnostics]: relationship_grab_size=100
2012-06-11 10:48:29,688 DEBUG [neo4j.diagnostics]: relationship_auto_indexing=false
2012-06-11 10:48:29,688 DEBUG [neo4j.diagnostics]: remote_shell_read_only=false
2012-06-11 10:48:29,688 DEBUG [neo4j.diagnostics]: lucene_writer_cache_size=2147483647
2012-06-11 10:48:29,688 DEBUG [neo4j.diagnostics]: node_cache_array_fraction=1.0
2012-06-11 10:48:29,688 DEBUG [neo4j.diagnostics]: allow_store_upgrade=false
2012-06-11 10:48:29,688 DEBUG [neo4j.diagnostics]: execution_guard_enabled=false
2012-06-11 10:48:29,688 DEBUG [neo4j.diagnostics]: relationship_cache_array_fraction=1.0
2012-06-11 10:48:29,688 DEBUG [neo4j.diagnostics]: store_dir=/Users/rth/Code/Neo4j/neo4j-community-1.8.M03/data/graph.db
2012-06-11 10:48:29,688 DEBUG [neo4j.diagnostics]: remote_logging_host=127.0.0.1
2012-06-11 10:48:29,688 DEBUG [neo4j.diagnostics]: remote_logging_port=4560
2012-06-11 10:48:29,688 DEBUG [neo4j.diagnostics]: gc_monitor_threshold=200ms
2012-06-11 10:48:29,688 DEBUG [neo4j.diagnostics]: array_block_size=120
2012-06-11 10:48:29,688 DEBUG [neo4j.diagnostics]: load_kernel_extensions=true
2012-06-11 10:48:29,689 DEBUG [neo4j.diagnostics]: neostore.relationshipstore.db.mapped_memory=812M
2012-06-11 10:48:29,689 DEBUG [neo4j.diagnostics]: keep_logical_logs=true
2012-06-11 10:48:29,689 DEBUG [neo4j.diagnostics]: dump_configuration=false
2012-06-11 10:48:29,689 DEBUG [neo4j.diagnostics]: gc_monitor_wait_time=100ms
2012-06-11 10:48:29,689 DEBUG [neo4j.diagnostics]: neostore.nodestore.db.mapped_memory=184M
2012-06-11 10:48:29,689 DEBUG [neo4j.diagnostics]: neo4j.ext.udc.first_delay=600000
2012-06-11 10:48:29,689 DEBUG [neo4j.diagnostics]: remote_shell_enabled=true
2012-06-11 10:48:29,689 DEBUG [neo4j.diagnostics]: neo4j.ext.udc.reg=unreg
2012-06-11 10:48:29,689 DEBUG [neo4j.diagnostics]: remote_shell_port=1337
2012-06-11 10:48:29,689 DEBUG [neo4j.diagnostics]: ephemeral=false
2012-06-11 10:48:29,689 DEBUG [neo4j.diagnostics]: neo_store=/Users/rth/Code/Neo4j/neo4j-community-1.8.M03/data/graph.db/neostore
2012-06-11 10:48:29,689 DEBUG [neo4j.diagnostics]: neostore.propertystore.db.index.mapped_memory=1M
2012-06-11 10:48:29,689 DEBUG [neo4j.diagnostics]: backup_slave=false
2012-06-11 10:48:29,689 DEBUG [neo4j.diagnostics]: neostore.propertystore.db.mapped_memory=663M
2012-06-11 10:48:29,689 DEBUG [neo4j.diagnostics]: string_block_size=120
2012-06-11 10:48:29,690 DEBUG [neo4j.diagnostics]: grab_file_lock=true
2012-06-11 10:48:29,690 DEBUG [neo4j.diagnostics]: remote_logging_enabled=false
2012-06-11 10:48:29,690 DEBUG [neo4j.diagnostics]: neo4j.ext.udc.enabled=true
2012-06-11 10:48:29,690 DEBUG [neo4j.diagnostics]: neo4j.ext.udc.source=server
2012-06-11 10:48:29,693 DEBUG [neo4j.diagnostics]: Diagnostics providers:
2012-06-11 10:48:29,693 DEBUG [neo4j.diagnostics]: org.neo4j.kernel.configuration.Config
2012-06-11 10:48:29,693 DEBUG [neo4j.diagnostics]: org.neo4j.kernel.info.DiagnosticsManager
2012-06-11 10:48:29,693 DEBUG [neo4j.diagnostics]: SYSTEM_MEMORY
2012-06-11 10:48:29,693 DEBUG [neo4j.diagnostics]: JAVA_MEMORY
2012-06-11 10:48:29,693 DEBUG [neo4j.diagnostics]: OPERATING_SYSTEM
2012-06-11 10:48:29,693 DEBUG [neo4j.diagnostics]: JAVA_VIRTUAL_MACHINE
2012-06-11 10:48:29,693 DEBUG [neo4j.diagnostics]: CLASSPATH
2012-06-11 10:48:29,693 DEBUG [neo4j.diagnostics]: LIBRARY_PATH
2012-06-11 10:48:29,693 DEBUG [neo4j.diagnostics]: SYSTEM_PROPERTIES
2012-06-11 10:48:29,694 DEBUG [neo4j.diagnostics]: System memory information:
2012-06-11 10:48:29,703 DEBUG [neo4j.diagnostics]: Total Physical memory: 8.00 GB
2012-06-11 10:48:29,704 DEBUG [neo4j.diagnostics]: Free Physical memory: 3.27 GB
2012-06-11 10:48:29,706 DEBUG [neo4j.diagnostics]: Committed virtual memory: 4.56 GB
2012-06-11 10:48:29,707 DEBUG [neo4j.diagnostics]: Total swap space: 64.00 MB
2012-06-11 10:48:29,708 DEBUG [neo4j.diagnostics]: Free swap space: 64.00 MB
2012-06-11 10:48:29,708 DEBUG [neo4j.diagnostics]: JVM memory information:
2012-06-11 10:48:29,709 DEBUG [neo4j.diagnostics]: Free  memory: 109.71 MB
2012-06-11 10:48:29,709 DEBUG [neo4j.diagnostics]: Total memory: 122.69 MB
2012-06-11 10:48:29,709 DEBUG [neo4j.diagnostics]: Max   memory: 1.78 GB
2012-06-11 10:48:29,715 DEBUG [neo4j.diagnostics]: Garbage Collector: PS Scavenge: [PS Eden Space, PS Survivor Space]
2012-06-11 10:48:29,715 DEBUG [neo4j.diagnostics]: Garbage Collector: PS MarkSweep: [PS Eden Space, PS Survivor Space, PS Old Gen, PS Perm Gen]
2012-06-11 10:48:29,718 DEBUG [neo4j.diagnostics]: Memory Pool: Code Cache (Non-heap memory): committed=2.44 MB, used=791.31 kB, max=48.00 MB, threshold=0.00 B
2012-06-11 10:48:29,718 DEBUG [neo4j.diagnostics]: Memory Pool: PS Eden Space (Heap memory): committed=32.00 MB, used=10.71 MB, max=672.00 MB, threshold=?
2012-06-11 10:48:29,719 DEBUG [neo4j.diagnostics]: Memory Pool: PS Survivor Space (Heap memory): committed=5.31 MB, used=2.26 MB, max=5.31 MB, threshold=?
2012-06-11 10:48:29,719 DEBUG [neo4j.diagnostics]: Memory Pool: PS Old Gen (Heap memory): committed=85.38 MB, used=0.00 B, max=1.33 GB, threshold=0.00 B
2012-06-11 10:48:29,719 DEBUG [neo4j.diagnostics]: Memory Pool: PS Perm Gen (Non-heap memory): committed=20.75 MB, used=16.14 MB, max=82.00 MB, threshold=0.00 B
2012-06-11 10:48:29,720 DEBUG [neo4j.diagnostics]: Operating system information:
2012-06-11 10:48:29,722 DEBUG [neo4j.diagnostics]: Operating System: Mac OS X; version: 10.7.4; arch: x86_64; cpus: 4
2012-06-11 10:48:29,723 DEBUG [neo4j.diagnostics]: Max number of file descriptors: 10240
2012-06-11 10:48:29,724 DEBUG [neo4j.diagnostics]: Number of open file descriptors: 115
2012-06-11 10:48:29,725 DEBUG [neo4j.diagnostics]: Process id: 9226@WisdomGroup-rthmbp10.local
2012-06-11 10:48:29,725 DEBUG [neo4j.diagnostics]: Byte order: LITTLE_ENDIAN
2012-06-11 10:48:29,725 DEBUG [neo4j.diagnostics]: JVM information:
2012-06-11 10:48:29,725 DEBUG [neo4j.diagnostics]: VM Name: Java HotSpot(TM) 64-Bit Server VM
2012-06-11 10:48:29,725 DEBUG [neo4j.diagnostics]: VM Vendor: Apple Inc.
2012-06-11 10:48:29,726 DEBUG [neo4j.diagnostics]: VM Version: 20.6-b01-415
2012-06-11 10:48:29,727 DEBUG [neo4j.diagnostics]: JIT compiler: HotSpot 64-Bit Tiered Compilers
2012-06-11 10:48:29,727 DEBUG [neo4j.diagnostics]: VM Arguments: [-Xserver, -XX:+DisableExplicitGC, -Dorg.neo4j.server.properties=conf/neo4j-server.properties, -Djava.util.logging.config.file=conf/logging.properties, -Dfile.encoding=UTF-8, -Dlog4j.configuration=file:conf/log4j.properties, -Dorg.neo4j.server.properties=/Users/rth/Code/Neo4j/neo4j-community-1.8.M03/conf/neo4j-server.properties, -Djava.util.logging.config.file=/Users/rth/Code/Neo4j/neo4j-community-1.8.M03/conf/logging.properties, -Dneo4j.home=/Users/rth/Code/Neo4j/neo4j-community-1.8.M03, -Dneo4j.instance=/Users/rth/Code/Neo4j/neo4j-community-1.8.M03]
2012-06-11 10:48:29,727 DEBUG [neo4j.diagnostics]: Java classpath:
2012-06-11 10:48:29,732 DEBUG [neo4j.diagnostics]:  [bootstrap] /System/Library/Java/JavaVirtualMachines/1.6.0.jdk/Contents/Classes/charsets.jar
2012-06-11 10:48:29,732 DEBUG [neo4j.diagnostics]:  [classpath + loader.0] file:/Users/rth/Code/Neo4j/neo4j-community-1.8.M03/system/lib/neo4j-server-1.8.M03.jar
2012-06-11 10:48:29,732 DEBUG [neo4j.diagnostics]:  [classpath + loader.0] file:/Users/rth/Code/Neo4j/neo4j-community-1.8.M03/system/lib/commons-beanutils-core-1.8.0.jar
2012-06-11 10:48:29,732 DEBUG [neo4j.diagnostics]:  [loader.1] file:/System/Library/Java/Extensions/dns_sd.jar
2012-06-11 10:48:29,733 DEBUG [neo4j.diagnostics]:  [bootstrap] /System/Library/Frameworks/JavaVM.framework/Versions/A/Frameworks/JavaRuntimeSupport.framework/Versions/A/Resources/Java/JavaRuntimeSupport.jar
2012-06-11 10:48:29,733 DEBUG [neo4j.diagnostics]:  [classpath + loader.0] file:/Users/rth/Code/Neo4j/neo4j-community-1.8.M03/system/lib/servlet-api-2.5-20081211.jar
2012-06-11 10:48:29,733 DEBUG [neo4j.diagnostics]:  [classpath + loader.0] file:/Users/rth/Code/Neo4j/neo4j-community-1.8.M03/system/lib/commons-io-1.4.jar
2012-06-11 10:48:29,733 DEBUG [neo4j.diagnostics]:  [classpath + loader.0] file:/Users/rth/Code/Neo4j/neo4j-community-1.8.M03/system/lib/commons-logging-1.1.1.jar
2012-06-11 10:48:29,733 DEBUG [neo4j.diagnostics]:  [loader.1] file:/System/Library/Java/Extensions/MRJToolkit.jar
2012-06-11 10:48:29,733 DEBUG [neo4j.diagnostics]:  [classpath + loader.0] file:/Users/rth/Code/Neo4j/neo4j-community-1.8.M03/system/lib/jersey-multipart-1.9.jar
2012-06-11 10:48:29,733 DEBUG [neo4j.diagnostics]:  [loader.1] file:/System/Library/Java/Extensions/vecmath.jar
2012-06-11 10:48:29,733 DEBUG [neo4j.diagnostics]:  [classpath + loader.0] file:/Users/rth/Code/Neo4j/neo4j-community-1.8.M03/system/lib/commons-lang-2.4.jar
2012-06-11 10:48:29,733 DEBUG [neo4j.diagnostics]:  [classpath + loader.0] file:/Users/rth/Code/Neo4j/neo4j-community-1.8.M03/lib/lucene-core-3.5.0.jar
2012-06-11 10:48:29,733 DEBUG [neo4j.diagnostics]:  [loader.1] file:/System/Library/Java/Extensions/libmlib_jai.jnilib
2012-06-11 10:48:29,733 DEBUG [neo4j.diagnostics]:  [classpath + loader.0] file:/Users/rth/Code/Neo4j/neo4j-community-1.8.M03/system/lib/asm-3.1.jar
2012-06-11 10:48:29,733 DEBUG [neo4j.diagnostics]:  [classpath + loader.0] file:/Users/rth/Code/Neo4j/neo4j-community-1.8.M03/system/lib/jcl-over-slf4j-1.6.1.jar
2012-06-11 10:48:29,733 DEBUG [neo4j.diagnostics]:  [classpath + loader.0] file:/Users/rth/Code/Neo4j/neo4j-community-1.8.M03/system/lib/neo4j-cypher-plugin-1.8.M03.jar
2012-06-11 10:48:29,733 DEBUG [neo4j.diagnostics]:  [classpath + loader.0] file:/Users/rth/Code/Neo4j/neo4j-community-1.8.M03/system/lib/jsr311-api-1.1.2.r612.jar
2012-06-11 10:48:29,733 DEBUG [neo4j.diagnostics]:  [classpath + loader.0] file:/Users/rth/Code/Neo4j/neo4j-community-1.8.M03/lib/org.apache.servicemix.bundles.jline-0.9.94_1.jar
2012-06-11 10:48:29,733 DEBUG [neo4j.diagnostics]:  [classpath + loader.0] file:/Users/rth/Code/Neo4j/neo4j-community-1.8.M03/system/lib/asm-tree-3.2.jar
2012-06-11 10:48:29,733 DEBUG [neo4j.diagnostics]:  [loader.1] file:/System/Library/Java/JavaVirtualMachines/1.6.0.jdk/Contents/Home/lib/ext/dnsns.jar
2012-06-11 10:48:29,733 DEBUG [neo4j.diagnostics]:  [classpath + loader.0] file:/Users/rth/Code/Neo4j/neo4j-community-1.8.M03/lib/neo4j-graph-matching-1.8.M03.jar
2012-06-11 10:48:29,733 DEBUG [neo4j.diagnostics]:  [classpath + loader.0] file:/Users/rth/Code/Neo4j/neo4j-community-1.8.M03/system/lib/asm-analysis-3.2.jar
2012-06-11 10:48:29,733 DEBUG [neo4j.diagnostics]:  [bootstrap] /System/Library/Java/JavaVirtualMachines/1.6.0.jdk/Contents/Classes/laf.jar
2012-06-11 10:48:29,733 DEBUG [neo4j.diagnostics]:  [loader.1] file:/System/Library/Java/Extensions/libJ3D.jnilib
2012-06-11 10:48:29,733 DEBUG [neo4j.diagnostics]:  [loader.1] file:/System/Library/Java/Extensions/mlibwrapper_jai.jar
2012-06-11 10:48:29,733 DEBUG [neo4j.diagnostics]:  [classpath + loader.0] file:/Users/rth/Code/Neo4j/neo4j-community-1.8.M03/system/lib/jackson-mapper-asl-1.8.3.jar
2012-06-11 10:48:29,733 DEBUG [neo4j.diagnostics]:  [bootstrap] /System/Library/Java/JavaVirtualMachines/1.6.0.jdk/Contents/Classes/classes.jar
2012-06-11 10:48:29,733 DEBUG [neo4j.diagnostics]:  [loader.1] file:/System/Library/Java/JavaVirtualMachines/1.6.0.jdk/Contents/Home/lib/ext/localedata.jar
2012-06-11 10:48:29,733 DEBUG [neo4j.diagnostics]:  [classpath + loader.0] file:/Users/rth/Code/Neo4j/neo4j-community-1.8.M03/system/lib/slf4j-api-1.6.2.jar
2012-06-11 10:48:29,733 DEBUG [neo4j.diagnostics]:  [classpath + loader.0] file:/Users/rth/Code/Neo4j/neo4j-community-1.8.M03/system/lib/jackson-jaxrs-1.8.3.jar
2012-06-11 10:48:29,733 DEBUG [neo4j.diagnostics]:  [loader.1] file:/System/Library/Java/Extensions/QTJava.zip
2012-06-11 10:48:29,733 DEBUG [neo4j.diagnostics]:  [classpath + loader.0] file:/Users/rth/Code/Neo4j/neo4j-community-1.8.M03/system/lib/pipes-1.0.jar
2012-06-11 10:48:29,733 DEBUG [neo4j.diagnostics]:  [classpath + loader.0] file:/Users/rth/Code/Neo4j/neo4j-community-1.8.M03/system/lib/jersey-core-1.9.jar
2012-06-11 10:48:29,733 DEBUG [neo4j.diagnostics]:  [classpath + loader.0] file:/Users/rth/Code/Neo4j/neo4j-community-1.8.M03/system/lib/mimepull-1.6.jar
2012-06-11 10:48:29,733 DEBUG [neo4j.diagnostics]:  [classpath + loader.0] file:/Users/rth/Code/Neo4j/neo4j-community-1.8.M03/system/lib/neo4j-gremlin-plugin-1.8.M03.jar
2012-06-11 10:48:29,733 DEBUG [neo4j.diagnostics]:  [classpath + loader.0] file:/Users/rth/Code/Neo4j/neo4j-community-1.8.M03/lib/geronimo-jta_1.1_spec-1.1.1.jar
2012-06-11 10:48:29,733 DEBUG [neo4j.diagnostics]:  [loader.1] file:/System/Library/Java/Extensions/libJ3DAudio.jnilib
2012-06-11 10:48:29,733 DEBUG [neo4j.diagnostics]:  [loader.1] file:/System/Library/Java/Extensions/libAppleScriptEngine.jnilib
2012-06-11 10:48:29,734 DEBUG [neo4j.diagnostics]:  [bootstrap] /System/Library/Java/JavaVirtualMachines/1.6.0.jdk/Contents/Classes/ui.jar
2012-06-11 10:48:29,734 DEBUG [neo4j.diagnostics]:  [loader.1] file:/System/Library/Java/Extensions/j3daudio.jar
2012-06-11 10:48:29,734 DEBUG [neo4j.diagnostics]:  [classpath + loader.0] file:/Users/rth/Code/Neo4j/neo4j-community-1.8.M03/lib/neo4j-udc-1.8.M03.jar
2012-06-11 10:48:29,734 DEBUG [neo4j.diagnostics]:  [loader.1] file:/System/Library/Java/Extensions/libJ3DUtils.jnilib
2012-06-11 10:48:29,734 DEBUG [neo4j.diagnostics]:  [classpath + loader.0] file:/Users/rth/Code/Neo4j/neo4j-community-1.8.M03/system/lib/commons-collections-3.2.1.jar
2012-06-11 10:48:29,734 DEBUG [neo4j.diagnostics]:  [loader.1] file:/System/Library/Java/Extensions/libQTJNative.jnilib
2012-06-11 10:48:29,734 DEBUG [neo4j.diagnostics]:  [loader.1] file:/System/Library/Java/Extensions/j3dcore.jar
2012-06-11 10:48:29,734 DEBUG [neo4j.diagnostics]:  [classpath + loader.0] file:/Users/rth/Code/Neo4j/neo4j-community-1.8.M03/lib/scala-library-2.9.1-1.jar
2012-06-11 10:48:29,734 DEBUG [neo4j.diagnostics]:  [classpath + loader.0] file:/Users/rth/Code/Neo4j/neo4j-community-1.8.M03/system/lib/asm-commons-3.2.jar
2012-06-11 10:48:29,734 DEBUG [neo4j.diagnostics]:  [classpath + loader.0] file:/Users/rth/Code/Neo4j/neo4j-community-1.8.M03/system/lib/bcprov-jdk16-140.jar
2012-06-11 10:48:29,734 DEBUG [neo4j.diagnostics]:  [classpath + loader.0] file:/Users/rth/Code/Neo4j/neo4j-community-1.8.M03/lib/neo4j-shell-1.8.M03.jar
2012-06-11 10:48:29,734 DEBUG [neo4j.diagnostics]:  [bootstrap] /System/Library/Java/JavaVirtualMachines/1.6.0.jdk/Contents/Classes/sunrsasign.jar
2012-06-11 10:48:29,734 DEBUG [neo4j.diagnostics]:  [classpath + loader.0] file:/Users/rth/Code/Neo4j/neo4j-community-1.8.M03/system/lib/stax-api-1.0.1.jar
2012-06-11 10:48:29,734 DEBUG [neo4j.diagnostics]:  [loader.1] file:/System/Library/Java/Extensions/j3dutils.jar
2012-06-11 10:48:29,734 DEBUG [neo4j.diagnostics]:  [classpath + loader.0] file:/Users/rth/Code/Neo4j/neo4j-community-1.8.M03/system/lib/logback-classic-0.9.30.jar
2012-06-11 10:48:29,734 DEBUG [neo4j.diagnostics]:  [loader.1] file:/System/Library/Java/Extensions/jai_core.jar
2012-06-11 10:48:29,734 DEBUG [neo4j.diagnostics]:  [classpath + loader.0] file:/Users/rth/Code/Neo4j/neo4j-community-1.8.M03/system/lib/jersey-server-1.9.jar
2012-06-11 10:48:29,734 DEBUG [neo4j.diagnostics]:  [classpath + loader.0] file:/Users/rth/Code/Neo4j/neo4j-community-1.8.M03/system/lib/asm-util-3.2.jar
2012-06-11 10:48:29,734 DEBUG [neo4j.diagnostics]:  [classpath + loader.0] file:/Users/rth/Code/Neo4j/neo4j-community-1.8.M03/system/lib/logback-core-0.9.30.jar
2012-06-11 10:48:29,734 DEBUG [neo4j.diagnostics]:  [classpath + loader.0] file:/Users/rth/Code/Neo4j/neo4j-community-1.8.M03/system/lib/jetty-6.1.25.jar
2012-06-11 10:48:29,734 DEBUG [neo4j.diagnostics]:  [classpath + loader.0] file:/Users/rth/Code/Neo4j/neo4j-community-1.8.M03/lib/server-api-1.8.M03.jar
2012-06-11 10:48:29,734 DEBUG [neo4j.diagnostics]:  [classpath + loader.0] file:/Users/rth/Code/Neo4j/neo4j-community-1.8.M03/system/lib/gremlin-groovy-1.5.jar
2012-06-11 10:48:29,734 DEBUG [neo4j.diagnostics]:  [loader.1] file:/System/Library/Java/Extensions/jai_codec.jar
2012-06-11 10:48:29,734 DEBUG [neo4j.diagnostics]:  [classpath + loader.0] file:/Users/rth/Code/Neo4j/neo4j-community-1.8.M03/system/lib/logback-access-0.9.30.jar
2012-06-11 10:48:29,734 DEBUG [neo4j.diagnostics]:  [classpath + loader.0] file:/Users/rth/Code/Neo4j/neo4j-community-1.8.M03/system/lib/jettison-1.3.jar
2012-06-11 10:48:29,734 DEBUG [neo4j.diagnostics]:  [classpath + loader.0] file:/Users/rth/Code/Neo4j/neo4j-community-1.8.M03/system/lib/jetty-util-6.1.25.jar
2012-06-11 10:48:29,734 DEBUG [neo4j.diagnostics]:  [classpath + loader.0] file:/Users/rth/Code/Neo4j/neo4j-community-1.8.M03/system/lib/commons-beanutils-1.8.0.jar
2012-06-11 10:48:29,734 DEBUG [neo4j.diagnostics]:  [classpath + loader.0] file:/Users/rth/Code/Neo4j/neo4j-community-1.8.M03/lib/neo4j-cypher-1.8.M03.jar
2012-06-11 10:48:29,734 DEBUG [neo4j.diagnostics]:  [loader.1] file:/System/Library/Java/JavaVirtualMachines/1.6.0.jdk/Contents/Home/lib/ext/sunjce_provider.jar
2012-06-11 10:48:29,734 DEBUG [neo4j.diagnostics]:  [classpath + loader.0] file:/Users/rth/Code/Neo4j/neo4j-community-1.8.M03/system/lib/jansi-1.5.jar
2012-06-11 10:48:29,734 DEBUG [neo4j.diagnostics]:  [classpath + loader.0] file:/Users/rth/Code/Neo4j/neo4j-community-1.8.M03/system/lib/janino-2.5.10.jar
2012-06-11 10:48:29,734 DEBUG [neo4j.diagnostics]:  [classpath + loader.0] file:/Users/rth/Code/Neo4j/neo4j-community-1.8.M03/lib/neo4j-jmx-1.8.M03.jar
2012-06-11 10:48:29,734 DEBUG [neo4j.diagnostics]:  [classpath + loader.0] file:/Users/rth/Code/Neo4j/neo4j-community-1.8.M03/lib/neo4j-kernel-1.8.M03.jar
2012-06-11 10:48:29,735 DEBUG [neo4j.diagnostics]:  [classpath + loader.0] file:/Users/rth/Code/Neo4j/neo4j-community-1.8.M03/system/lib/neo4j-server-1.8.M03-static-web.jar
2012-06-11 10:48:29,735 DEBUG [neo4j.diagnostics]:  [bootstrap] /System/Library/Java/JavaVirtualMachines/1.6.0.jdk/Contents/Home/lib/jce.jar
2012-06-11 10:48:29,735 DEBUG [neo4j.diagnostics]:  [classpath + loader.0] file:/Users/rth/Code/Neo4j/neo4j-community-1.8.M03/system/lib/commons-configuration-1.6.jar
2012-06-11 10:48:29,735 DEBUG [neo4j.diagnostics]:  [classpath + loader.0] file:/Users/rth/Code/Neo4j/neo4j-community-1.8.M03/system/lib/jackson-core-asl-1.8.3.jar
2012-06-11 10:48:29,735 DEBUG [neo4j.diagnostics]:  [classpath + loader.0] file:/Users/rth/Code/Neo4j/neo4j-community-1.8.M03/system/lib/commons-digester-1.8.1.jar
2012-06-11 10:48:29,735 DEBUG [neo4j.diagnostics]:  [bootstrap] /System/Library/Java/JavaVirtualMachines/1.6.0.jdk/Contents/Classes/jsse.jar
2012-06-11 10:48:29,735 DEBUG [neo4j.diagnostics]:  [classpath + loader.0] file:/Users/rth/Code/Neo4j/neo4j-community-1.8.M03/system/lib/groovy-1.8.5.jar
2012-06-11 10:48:29,735 DEBUG [neo4j.diagnostics]:  [classpath + loader.0] file:/Users/rth/Code/Neo4j/neo4j-community-1.8.M03/system/lib/blueprints-core-1.2.jar
2012-06-11 10:48:29,735 DEBUG [neo4j.diagnostics]:  [classpath + loader.0] file:/Users/rth/Code/Neo4j/neo4j-community-1.8.M03/system/lib/rrd4j-2.0.7.jar
2012-06-11 10:48:29,735 DEBUG [neo4j.diagnostics]:  [loader.1] file:/System/Library/Java/Extensions/AppleScriptEngine.jar
2012-06-11 10:48:29,735 DEBUG [neo4j.diagnostics]:  [classpath + loader.0] file:/Users/rth/Code/Neo4j/neo4j-community-1.8.M03/lib/neo4j-lucene-index-1.8.M03.jar
2012-06-11 10:48:29,735 DEBUG [neo4j.diagnostics]:  [classpath + loader.0] file:/Users/rth/Code/Neo4j/neo4j-community-1.8.M03/lib/neo4j-graph-algo-1.8.M03.jar
2012-06-11 10:48:29,735 DEBUG [neo4j.diagnostics]:  [loader.1] file:/System/Library/Java/JavaVirtualMachines/1.6.0.jdk/Contents/Home/lib/ext/apple_provider.jar
2012-06-11 10:48:29,735 DEBUG [neo4j.diagnostics]:  [bootstrap] /System/Library/Java/JavaVirtualMachines/1.6.0.jdk/Contents/Classes/jsfd.jar
2012-06-11 10:48:29,735 DEBUG [neo4j.diagnostics]:  [classpath + loader.0] file:/Users/rth/Code/Neo4j/neo4j-community-1.8.M03/system/lib/blueprints-neo4j-graph-1.2.jar
2012-06-11 10:48:29,735 DEBUG [neo4j.diagnostics]:  [loader.1] file:/System/Library/Java/JavaVirtualMachines/1.6.0.jdk/Contents/Home/lib/ext/sunpkcs11.jar
2012-06-11 10:48:29,735 DEBUG [neo4j.diagnostics]:  [classpath + loader.0] file:/Users/rth/Code/Neo4j/neo4j-community-1.8.M03/system/lib/antlr-2.7.7.jar
2012-06-11 10:48:29,735 DEBUG [neo4j.diagnostics]:  [classpath + loader.0] file:/Users/rth/Code/Neo4j/neo4j-community-1.8.M03/system/lib/gremlin-java-1.5.jar
2012-06-11 10:48:29,735 DEBUG [neo4j.diagnostics]: Library path:
2012-06-11 10:48:29,735 DEBUG [neo4j.diagnostics]: /Users/rth/Code/Neo4j/neo4j-community-1.8.M03
2012-06-11 10:48:29,735 DEBUG [neo4j.diagnostics]: /Library/Java/Extensions
2012-06-11 10:48:29,735 DEBUG [neo4j.diagnostics]: /System/Library/Java/Extensions
2012-06-11 10:48:29,736 DEBUG [neo4j.diagnostics]: /usr/lib/java
2012-06-11 10:48:29,736 DEBUG [neo4j.diagnostics]: System.properties:
2012-06-11 10:48:29,736 DEBUG [neo4j.diagnostics]: sun.boot.library.path = /System/Library/Java/JavaVirtualMachines/1.6.0.jdk/Contents/Libraries
2012-06-11 10:48:29,736 DEBUG [neo4j.diagnostics]: awt.nativeDoubleBuffering = true
2012-06-11 10:48:29,736 DEBUG [neo4j.diagnostics]: org.neo4j.server.properties = /Users/rth/Code/Neo4j/neo4j-community-1.8.M03/conf/neo4j-server.properties
2012-06-11 10:48:29,736 DEBUG [neo4j.diagnostics]: gopherProxySet = false
2012-06-11 10:48:29,736 DEBUG [neo4j.diagnostics]: mrj.build = 11M3635
2012-06-11 10:48:29,736 DEBUG [neo4j.diagnostics]: path.separator = :
2012-06-11 10:48:29,736 DEBUG [neo4j.diagnostics]: file.encoding.pkg = sun.io
2012-06-11 10:48:29,736 DEBUG [neo4j.diagnostics]: sun.java.launcher = SUN_STANDARD
2012-06-11 10:48:29,736 DEBUG [neo4j.diagnostics]: user.country = US
2012-06-11 10:48:29,736 DEBUG [neo4j.diagnostics]: sun.os.patch.level = unknown
2012-06-11 10:48:29,736 DEBUG [neo4j.diagnostics]: user.dir = /Users/rth/Code/Neo4j/neo4j-community-1.8.M03
2012-06-11 10:48:29,737 DEBUG [neo4j.diagnostics]: log4j.configuration = file:conf/log4j.properties
2012-06-11 10:48:29,737 DEBUG [neo4j.diagnostics]: sun.jnu.encoding = MacRoman
2012-06-11 10:48:29,737 DEBUG [neo4j.diagnostics]: sun.management.compiler = HotSpot 64-Bit Tiered Compilers
2012-06-11 10:48:29,737 DEBUG [neo4j.diagnostics]: http.nonProxyHosts = local|*.local|169.254/16|*.169.254/16
2012-06-11 10:48:29,737 DEBUG [neo4j.diagnostics]: user.home = /Users/rth
2012-06-11 10:48:29,737 DEBUG [neo4j.diagnostics]: user.timezone = America/Chicago
2012-06-11 10:48:29,737 DEBUG [neo4j.diagnostics]: file.encoding = UTF-8
2012-06-11 10:48:29,737 DEBUG [neo4j.diagnostics]: user.name = rth
2012-06-11 10:48:29,737 DEBUG [neo4j.diagnostics]: sun.java.command = org.neo4j.server.Bootstrapper
2012-06-11 10:48:29,737 DEBUG [neo4j.diagnostics]: sun.arch.data.model = 64
2012-06-11 10:48:29,737 DEBUG [neo4j.diagnostics]: user.language = en
2012-06-11 10:48:29,737 DEBUG [neo4j.diagnostics]: awt.toolkit = apple.awt.CToolkit
2012-06-11 10:48:29,737 DEBUG [neo4j.diagnostics]: file.separator = /
2012-06-11 10:48:29,737 DEBUG [neo4j.diagnostics]: sun.io.unicode.encoding = UnicodeLittle
2012-06-11 10:48:29,737 DEBUG [neo4j.diagnostics]: sun.cpu.endian = little
2012-06-11 10:48:29,737 DEBUG [neo4j.diagnostics]: mrj.version = 1070.1.6.0_31-415
2012-06-11 10:48:29,737 DEBUG [neo4j.diagnostics]: socksNonProxyHosts = local|*.local|169.254/16|*.169.254/16
2012-06-11 10:48:29,738 DEBUG [neo4j.diagnostics]: neo4j.instance = /Users/rth/Code/Neo4j/neo4j-community-1.8.M03
2012-06-11 10:48:29,738 DEBUG [neo4j.diagnostics]: ftp.nonProxyHosts = local|*.local|169.254/16|*.169.254/16
2012-06-11 10:48:29,738 DEBUG [neo4j.diagnostics]: neo4j.home = /Users/rth/Code/Neo4j/neo4j-community-1.8.M03
2012-06-11 10:48:29,738 DEBUG [neo4j.diagnostics]: sun.cpu.isalist = 
2012-06-11 10:48:29,738 DEBUG [neo4j.diagnostics]: --- STARTUP diagnostics END ---
2012-06-11 10:48:29,813 INFO  [neo4j.extension]: Extension org.neo4j.kernel.KernelExtension[kernel jmx] loaded ok
2012-06-11 10:48:29,970 INFO  [neo4j.extension]: Extension org.neo4j.kernel.KernelExtension[shell] loaded ok
2012-06-11 10:48:30,007 INFO  [neo4j.extension]: Extension org.neo4j.kernel.KernelExtension[kernel udc] loaded ok
2012-06-11 10:48:30,012 DEBUG [neo4j.diagnostics]: --- STARTUP diagnostics for KernelDiagnostics:Versions START ---
2012-06-11 10:48:30,012 DEBUG [neo4j.diagnostics]: Graph Database: org.neo4j.kernel.EmbeddedGraphDatabase StoreId[time:1339429709154, id:-9045575138078631087, store version: 13561656364791302]
2012-06-11 10:48:30,012 DEBUG [neo4j.diagnostics]: Kernel version: Neo4j - Graph Database Kernel 1.8.M03
2012-06-11 10:48:30,013 DEBUG [neo4j.diagnostics]: Neo4j component versions:
2012-06-11 10:48:30,013 DEBUG [neo4j.diagnostics]:   Neo4j - Graph Database Kernel 1.8.M03
2012-06-11 10:48:30,013 DEBUG [neo4j.diagnostics]: --- STARTUP diagnostics for KernelDiagnostics:Versions END ---
2012-06-11 10:48:30,016 DEBUG [neo4j.diagnostics]: --- STARTUP diagnostics for NEO_STORE_VERSIONS START ---
2012-06-11 10:48:30,017 DEBUG [neo4j.diagnostics]: Store versions:
2012-06-11 10:48:30,017 DEBUG [neo4j.diagnostics]: Store versions:
2012-06-11 10:48:30,017 DEBUG [neo4j.diagnostics]:   NeoStore v0.A.0
2012-06-11 10:48:30,017 DEBUG [neo4j.diagnostics]:   NodeStore v0.A.0
2012-06-11 10:48:30,017 DEBUG [neo4j.diagnostics]:   RelationshipStore v0.A.0
2012-06-11 10:48:30,017 DEBUG [neo4j.diagnostics]:   RelationshipTypeStore v0.A.0
2012-06-11 10:48:30,017 DEBUG [neo4j.diagnostics]:   PropertyStore v0.A.0
2012-06-11 10:48:30,017 DEBUG [neo4j.diagnostics]:   PropertyIndexStore v0.A.0
2012-06-11 10:48:30,017 DEBUG [neo4j.diagnostics]:   StringPropertyStore v0.A.0
2012-06-11 10:48:30,018 DEBUG [neo4j.diagnostics]:   ArrayPropertyStore v0.A.0
2012-06-11 10:48:30,018 DEBUG [neo4j.diagnostics]: --- STARTUP diagnostics for NEO_STORE_VERSIONS END ---
2012-06-11 10:48:30,018 DEBUG [neo4j.diagnostics]: --- STARTUP diagnostics for NEO_STORE_ID_USAGE START ---
2012-06-11 10:48:30,018 DEBUG [neo4j.diagnostics]: Id usage:
2012-06-11 10:48:30,018 DEBUG [neo4j.diagnostics]: Id usage:
2012-06-11 10:48:30,018 DEBUG [neo4j.diagnostics]:   NodeStore: used=1 high=0
2012-06-11 10:48:30,018 DEBUG [neo4j.diagnostics]:   RelationshipStore: used=0 high=-1
2012-06-11 10:48:30,019 DEBUG [neo4j.diagnostics]:   RelationshipTypeStore: used=0 high=-1
2012-06-11 10:48:30,019 DEBUG [neo4j.diagnostics]:   PropertyStore: used=0 high=-1
2012-06-11 10:48:30,019 DEBUG [neo4j.diagnostics]:   PropertyIndexStore: used=0 high=-1
2012-06-11 10:48:30,019 DEBUG [neo4j.diagnostics]:   StringPropertyStore: used=1 high=0
2012-06-11 10:48:30,019 DEBUG [neo4j.diagnostics]:   ArrayPropertyStore: used=1 high=0
2012-06-11 10:48:30,020 DEBUG [neo4j.diagnostics]: --- STARTUP diagnostics for NEO_STORE_ID_USAGE END ---
2012-06-11 10:48:30,020 DEBUG [neo4j.diagnostics]: --- STARTUP diagnostics for KernelDiagnostics:StoreFiles START ---
2012-06-11 10:48:30,020 DEBUG [neo4j.diagnostics]: Storage files:
2012-06-11 10:48:30,021 DEBUG [neo4j.diagnostics]: active_tx_log: 11.00 B
2012-06-11 10:48:30,021 DEBUG [neo4j.diagnostics]: index:
2012-06-11 10:48:30,021 DEBUG [neo4j.diagnostics]:   lucene-store.db: 40.00 B
2012-06-11 10:48:30,021 DEBUG [neo4j.diagnostics]:   lucene.log.1: 16.00 B
2012-06-11 10:48:30,021 DEBUG [neo4j.diagnostics]:   lucene.log.active: 4.00 B
2012-06-11 10:48:30,022 DEBUG [neo4j.diagnostics]: - Total: 60.00 B
2012-06-11 10:48:30,022 DEBUG [neo4j.diagnostics]: lock: 0.00 B
2012-06-11 10:48:30,022 DEBUG [neo4j.diagnostics]: messages.log: 28.62 kB
2012-06-11 10:48:30,022 DEBUG [neo4j.diagnostics]: neostore: 54.00 B
2012-06-11 10:48:30,022 DEBUG [neo4j.diagnostics]: neostore.id: 9.00 B
2012-06-11 10:48:30,022 DEBUG [neo4j.diagnostics]: neostore.nodestore.db: 9.00 B
2012-06-11 10:48:30,023 DEBUG [neo4j.diagnostics]: neostore.nodestore.db.id: 9.00 B
2012-06-11 10:48:30,023 DEBUG [neo4j.diagnostics]: neostore.propertystore.db: 0.00 B
2012-06-11 10:48:30,023 DEBUG [neo4j.diagnostics]: neostore.propertystore.db.arrays: 128.00 B
2012-06-11 10:48:30,023 DEBUG [neo4j.diagnostics]: neostore.propertystore.db.arrays.id: 9.00 B
2012-06-11 10:48:30,023 DEBUG [neo4j.diagnostics]: neostore.propertystore.db.id: 9.00 B
2012-06-11 10:48:30,023 DEBUG [neo4j.diagnostics]: neostore.propertystore.db.index: 0.00 B
2012-06-11 10:48:30,024 DEBUG [neo4j.diagnostics]: neostore.propertystore.db.index.id: 9.00 B
2012-06-11 10:48:30,024 DEBUG [neo4j.diagnostics]: neostore.propertystore.db.index.keys: 38.00 B
2012-06-11 10:48:30,024 DEBUG [neo4j.diagnostics]: neostore.propertystore.db.index.keys.id: 9.00 B
2012-06-11 10:48:30,024 DEBUG [neo4j.diagnostics]: neostore.propertystore.db.strings: 128.00 B
2012-06-11 10:48:30,024 DEBUG [neo4j.diagnostics]: neostore.propertystore.db.strings.id: 9.00 B
2012-06-11 10:48:30,024 DEBUG [neo4j.diagnostics]: neostore.relationshipstore.db: 0.00 B
2012-06-11 10:48:30,025 DEBUG [neo4j.diagnostics]: neostore.relationshipstore.db.id: 9.00 B
2012-06-11 10:48:30,025 DEBUG [neo4j.diagnostics]: neostore.relationshiptypestore.db: 0.00 B
2012-06-11 10:48:30,025 DEBUG [neo4j.diagnostics]: neostore.relationshiptypestore.db.id: 9.00 B
2012-06-11 10:48:30,025 DEBUG [neo4j.diagnostics]: neostore.relationshiptypestore.db.names: 38.00 B
2012-06-11 10:48:30,026 DEBUG [neo4j.diagnostics]: neostore.relationshiptypestore.db.names.id: 9.00 B
2012-06-11 10:48:30,026 DEBUG [neo4j.diagnostics]: nioneo_logical.log.1: 16.00 B
2012-06-11 10:48:30,026 DEBUG [neo4j.diagnostics]: nioneo_logical.log.active: 4.00 B
2012-06-11 10:48:30,026 DEBUG [neo4j.diagnostics]: tm_tx_log.1: 0.00 B
2012-06-11 10:48:30,026 DEBUG [neo4j.diagnostics]: --- STARTUP diagnostics for KernelDiagnostics:StoreFiles END ---
2012-06-11 10:48:30,028 INFO  [neo4j]: Started - database is now available
2012-06-11 10:48:30,028 INFO  [neo4j]: GC Monitor started. 
2012-06-11 10:48:30,030 DEBUG [neo4j.diagnostics]: --- SERVER STARTUP START ---
2012-06-11 10:48:30,030 DEBUG [neo4j.diagnostics]: --- STARTUP diagnostics for org.neo4j.server.configuration.Configurator START ---
2012-06-11 10:48:30,033 DEBUG [neo4j.diagnostics]: Server configuration:
2012-06-11 10:48:30,033 DEBUG [neo4j.diagnostics]: org.neo4j.server.database.location = data/graph.db
2012-06-11 10:48:30,033 DEBUG [neo4j.diagnostics]: org.neo4j.server.webserver.port = 7474
2012-06-11 10:48:30,033 DEBUG [neo4j.diagnostics]: org.neo4j.server.webserver.https.enabled = true
2012-06-11 10:48:30,033 DEBUG [neo4j.diagnostics]: org.neo4j.server.webserver.https.port = 7473
2012-06-11 10:48:30,033 DEBUG [neo4j.diagnostics]: org.neo4j.server.webserver.https.cert.location = conf/ssl/snakeoil.cert
2012-06-11 10:48:30,033 DEBUG [neo4j.diagnostics]: org.neo4j.server.webserver.https.key.location = conf/ssl/snakeoil.key
2012-06-11 10:48:30,033 DEBUG [neo4j.diagnostics]: org.neo4j.server.webserver.https.keystore.location = data/keystore
2012-06-11 10:48:30,033 DEBUG [neo4j.diagnostics]: org.neo4j.server.webadmin.rrdb.location = data/rrd
2012-06-11 10:48:30,033 DEBUG [neo4j.diagnostics]: org.neo4j.server.db.tuning.properties = conf/neo4j.properties
2012-06-11 10:48:30,033 DEBUG [neo4j.diagnostics]: org.neo4j.server.http.log.enabled = false
2012-06-11 10:48:30,034 DEBUG [neo4j.diagnostics]: org.neo4j.server.http.log.config = conf/neo4j-http-logging.xml
2012-06-11 10:48:30,034 DEBUG [neo4j.diagnostics]: org.neo4j.server.webadmin.management.uri = /db/manage/
2012-06-11 10:48:30,034 DEBUG [neo4j.diagnostics]: org.neo4j.server.webadmin.data.uri = /db/data/
2012-06-11 10:48:30,034 DEBUG [neo4j.diagnostics]: --- STARTUP diagnostics for org.neo4j.server.configuration.Configurator END ---
2012-06-11 10:48:30,072 DEBUG [neo4j.diagnostics]: Mounted discovery module (org.neo4j.server.rest.discovery) at: /
2012-06-11 10:48:30,123 DEBUG [neo4j.diagnostics]: Loaded server plugin "CypherPlugin" (org.neo4j.server.plugin.cypher.CypherPlugin)
2012-06-11 10:48:30,126 DEBUG [neo4j.diagnostics]:   GraphDatabaseService.execute_query: execute a query
2012-06-11 10:48:30,127 DEBUG [neo4j.diagnostics]: Loaded server plugin "GremlinPlugin" (org.neo4j.server.plugin.gremlin.GremlinPlugin)
2012-06-11 10:48:30,127 DEBUG [neo4j.diagnostics]:   GraphDatabaseService.execute_script: execute a Gremlin script with 'g' set to the Neo4jGraph and 'results' containing the results. Only results of one object type is supported.
2012-06-11 10:48:30,127 DEBUG [neo4j.diagnostics]: Mounted REST API at: /db/data/
2012-06-11 10:48:30,128 DEBUG [neo4j.diagnostics]: Mounted management API at: /db/manage/
2012-06-11 10:48:30,194 DEBUG [neo4j.diagnostics]: Mounted webadmin at: /webadmin
2012-06-11 10:48:31,836 DEBUG [neo4j.diagnostics]: Server started on: http://localhost:7474/
2012-06-11 10:48:31,836 DEBUG [neo4j.diagnostics]: --- SERVER STARTUP END ---
2012-06-11 10:56:14,925 INFO  [neo4j]: Stopping - database is now unavailable
2012-06-11 10:56:14,927 INFO  [neo4j.txmanager]: TM shutting down
2012-06-11 10:56:14,928 INFO  [neo4j.xafactory]: Closed log /Users/rth/Code/Neo4j/neo4j-community-1.8.M03/data/graph.db/index/lucene.log
2012-06-11 10:56:14,931 INFO  [neo4j.xafactory]: Closed log /Users/rth/Code/Neo4j/neo4j-community-1.8.M03/data/graph.db/nioneo_logical.log
2012-06-11 10:56:14,942 INFO  [neo4j.datasource]: NeoStore closed
2012-06-11 10:56:14,942 DEBUG [neo4j.diagnostics]: --- SHUTDOWN diagnostics START ---
2012-06-11 10:56:14,942 DEBUG [neo4j.diagnostics]: --- SHUTDOWN diagnostics END ---
2012-06-11 10:56:46,782 INFO  [neo4j.txmanager]: TM opening log: /Users/rth/Code/Neo4j/neo4j-community-1.8.M03/data/graph.db/tm_tx_log.1
2012-06-11 10:56:46,798 INFO  [neo4j.xafactory]: Opened [/Users/rth/Code/Neo4j/neo4j-community-1.8.M03/data/graph.db/index/lucene.log.1] clean empty log, version=1, lastTxId=1
2012-06-11 10:56:46,801 DEBUG [neo4j.diagnostics]: --- STARTUP diagnostics START ---
2012-06-11 10:56:46,801 DEBUG [neo4j.diagnostics]: Neo4j Kernel properties:
2012-06-11 10:56:46,802 DEBUG [neo4j.diagnostics]: read_only=false
2012-06-11 10:56:46,802 DEBUG [neo4j.diagnostics]: neo4j.ext.udc.host=udc.neo4j.org
2012-06-11 10:56:46,802 DEBUG [neo4j.diagnostics]: logical_log=/Users/rth/Code/Neo4j/neo4j-community-1.8.M03/data/graph.db/nioneo_logical.log
2012-06-11 10:56:46,802 DEBUG [neo4j.diagnostics]: node_auto_indexing=false
2012-06-11 10:56:46,802 DEBUG [neo4j.diagnostics]: intercept_committing_transactions=false
2012-06-11 10:56:46,802 DEBUG [neo4j.diagnostics]: remote_shell_name=shell
2012-06-11 10:56:46,802 DEBUG [neo4j.diagnostics]: cache_type=soft
2012-06-11 10:56:46,802 DEBUG [neo4j.diagnostics]: intercept_deserialized_transactions=false
2012-06-11 10:56:46,802 DEBUG [neo4j.diagnostics]: lucene_searcher_cache_size=2147483647
2012-06-11 10:56:46,802 DEBUG [neo4j.diagnostics]: neo4j.ext.udc.interval=86400000
2012-06-11 10:56:46,803 DEBUG [neo4j.diagnostics]: use_memory_mapped_buffers=true
2012-06-11 10:56:46,803 DEBUG [neo4j.diagnostics]: rebuild_idgenerators_fast=true
2012-06-11 10:56:46,803 DEBUG [neo4j.diagnostics]: neostore.propertystore.db.index.keys.mapped_memory=1M
2012-06-11 10:56:46,803 DEBUG [neo4j.diagnostics]: neostore.propertystore.db.arrays.mapped_memory=639M
2012-06-11 10:56:46,803 DEBUG [neo4j.diagnostics]: neostore.propertystore.db.strings.mapped_memory=563M
2012-06-11 10:56:46,803 DEBUG [neo4j.diagnostics]: gcr_cache_min_log_interval=60s
2012-06-11 10:56:46,803 DEBUG [neo4j.diagnostics]: relationship_grab_size=100
2012-06-11 10:56:46,803 DEBUG [neo4j.diagnostics]: relationship_auto_indexing=false
2012-06-11 10:56:46,803 DEBUG [neo4j.diagnostics]: remote_shell_read_only=false
2012-06-11 10:56:46,803 DEBUG [neo4j.diagnostics]: lucene_writer_cache_size=2147483647
2012-06-11 10:56:46,803 DEBUG [neo4j.diagnostics]: node_cache_array_fraction=1.0
2012-06-11 10:56:46,803 DEBUG [neo4j.diagnostics]: allow_store_upgrade=false
2012-06-11 10:56:46,803 DEBUG [neo4j.diagnostics]: execution_guard_enabled=false
2012-06-11 10:56:46,803 DEBUG [neo4j.diagnostics]: relationship_cache_array_fraction=1.0
2012-06-11 10:56:46,803 DEBUG [neo4j.diagnostics]: store_dir=/Users/rth/Code/Neo4j/neo4j-community-1.8.M03/data/graph.db
2012-06-11 10:56:46,803 DEBUG [neo4j.diagnostics]: remote_logging_host=127.0.0.1
2012-06-11 10:56:46,803 DEBUG [neo4j.diagnostics]: remote_logging_port=4560
2012-06-11 10:56:46,803 DEBUG [neo4j.diagnostics]: gc_monitor_threshold=200ms
2012-06-11 10:56:46,803 DEBUG [neo4j.diagnostics]: array_block_size=120
2012-06-11 10:56:46,803 DEBUG [neo4j.diagnostics]: load_kernel_extensions=true
2012-06-11 10:56:46,803 DEBUG [neo4j.diagnostics]: neostore.relationshipstore.db.mapped_memory=812M
2012-06-11 10:56:46,803 DEBUG [neo4j.diagnostics]: keep_logical_logs=true
2012-06-11 10:56:46,804 DEBUG [neo4j.diagnostics]: dump_configuration=false
2012-06-11 10:56:46,804 DEBUG [neo4j.diagnostics]: gc_monitor_wait_time=100ms
2012-06-11 10:56:46,804 DEBUG [neo4j.diagnostics]: neostore.nodestore.db.mapped_memory=184M
2012-06-11 10:56:46,804 DEBUG [neo4j.diagnostics]: neo4j.ext.udc.first_delay=600000
2012-06-11 10:56:46,804 DEBUG [neo4j.diagnostics]: remote_shell_enabled=true
2012-06-11 10:56:46,804 DEBUG [neo4j.diagnostics]: neo4j.ext.udc.reg=unreg
2012-06-11 10:56:46,804 DEBUG [neo4j.diagnostics]: remote_shell_port=1337
2012-06-11 10:56:46,804 DEBUG [neo4j.diagnostics]: ephemeral=false
2012-06-11 10:56:46,804 DEBUG [neo4j.diagnostics]: neo_store=/Users/rth/Code/Neo4j/neo4j-community-1.8.M03/data/graph.db/neostore
2012-06-11 10:56:46,804 DEBUG [neo4j.diagnostics]: neostore.propertystore.db.index.mapped_memory=1M
2012-06-11 10:56:46,804 DEBUG [neo4j.diagnostics]: backup_slave=false
2012-06-11 10:56:46,804 DEBUG [neo4j.diagnostics]: neostore.propertystore.db.mapped_memory=663M
2012-06-11 10:56:46,804 DEBUG [neo4j.diagnostics]: string_block_size=120
2012-06-11 10:56:46,804 DEBUG [neo4j.diagnostics]: grab_file_lock=true
2012-06-11 10:56:46,804 DEBUG [neo4j.diagnostics]: remote_logging_enabled=false
2012-06-11 10:56:46,804 DEBUG [neo4j.diagnostics]: neo4j.ext.udc.enabled=true
2012-06-11 10:56:46,804 DEBUG [neo4j.diagnostics]: neo4j.ext.udc.source=server
2012-06-11 10:56:46,806 DEBUG [neo4j.diagnostics]: Diagnostics providers:
2012-06-11 10:56:46,806 DEBUG [neo4j.diagnostics]: org.neo4j.kernel.configuration.Config
2012-06-11 10:56:46,806 DEBUG [neo4j.diagnostics]: org.neo4j.kernel.info.DiagnosticsManager
2012-06-11 10:56:46,806 DEBUG [neo4j.diagnostics]: SYSTEM_MEMORY
2012-06-11 10:56:46,806 DEBUG [neo4j.diagnostics]: JAVA_MEMORY
2012-06-11 10:56:46,806 DEBUG [neo4j.diagnostics]: OPERATING_SYSTEM
2012-06-11 10:56:46,807 DEBUG [neo4j.diagnostics]: JAVA_VIRTUAL_MACHINE
2012-06-11 10:56:46,807 DEBUG [neo4j.diagnostics]: CLASSPATH
2012-06-11 10:56:46,807 DEBUG [neo4j.diagnostics]: LIBRARY_PATH
2012-06-11 10:56:46,807 DEBUG [neo4j.diagnostics]: SYSTEM_PROPERTIES
2012-06-11 10:56:46,807 DEBUG [neo4j.diagnostics]: System memory information:
2012-06-11 10:56:46,815 DEBUG [neo4j.diagnostics]: Total Physical memory: 8.00 GB
2012-06-11 10:56:46,816 DEBUG [neo4j.diagnostics]: Free Physical memory: 3.11 GB
2012-06-11 10:56:46,817 DEBUG [neo4j.diagnostics]: Committed virtual memory: 4.56 GB
2012-06-11 10:56:46,819 DEBUG [neo4j.diagnostics]: Total swap space: 64.00 MB
2012-06-11 10:56:46,820 DEBUG [neo4j.diagnostics]: Free swap space: 64.00 MB
2012-06-11 10:56:46,821 DEBUG [neo4j.diagnostics]: JVM memory information:
2012-06-11 10:56:46,821 DEBUG [neo4j.diagnostics]: Free  memory: 116.80 MB
2012-06-11 10:56:46,822 DEBUG [neo4j.diagnostics]: Total memory: 122.69 MB
2012-06-11 10:56:46,822 DEBUG [neo4j.diagnostics]: Max   memory: 1.78 GB
2012-06-11 10:56:46,825 DEBUG [neo4j.diagnostics]: Garbage Collector: PS Scavenge: [PS Eden Space, PS Survivor Space]
2012-06-11 10:56:46,825 DEBUG [neo4j.diagnostics]: Garbage Collector: PS MarkSweep: [PS Eden Space, PS Survivor Space, PS Old Gen, PS Perm Gen]
2012-06-11 10:56:46,828 DEBUG [neo4j.diagnostics]: Memory Pool: Code Cache (Non-heap memory): committed=2.44 MB, used=706.63 kB, max=48.00 MB, threshold=0.00 B
2012-06-11 10:56:46,828 DEBUG [neo4j.diagnostics]: Memory Pool: PS Eden Space (Heap memory): committed=32.00 MB, used=3.20 MB, max=672.00 MB, threshold=?
2012-06-11 10:56:46,828 DEBUG [neo4j.diagnostics]: Memory Pool: PS Survivor Space (Heap memory): committed=5.31 MB, used=2.68 MB, max=5.31 MB, threshold=?
2012-06-11 10:56:46,829 DEBUG [neo4j.diagnostics]: Memory Pool: PS Old Gen (Heap memory): committed=85.38 MB, used=0.00 B, max=1.33 GB, threshold=0.00 B
2012-06-11 10:56:46,829 DEBUG [neo4j.diagnostics]: Memory Pool: PS Perm Gen (Non-heap memory): committed=20.75 MB, used=15.59 MB, max=82.00 MB, threshold=0.00 B
2012-06-11 10:56:46,829 DEBUG [neo4j.diagnostics]: Operating system information:
2012-06-11 10:56:46,831 DEBUG [neo4j.diagnostics]: Operating System: Mac OS X; version: 10.7.4; arch: x86_64; cpus: 4
2012-06-11 10:56:46,832 DEBUG [neo4j.diagnostics]: Max number of file descriptors: 10240
2012-06-11 10:56:46,834 DEBUG [neo4j.diagnostics]: Number of open file descriptors: 115
2012-06-11 10:56:46,835 DEBUG [neo4j.diagnostics]: Process id: 9541@WisdomGroup-rthmbp10.local
2012-06-11 10:56:46,835 DEBUG [neo4j.diagnostics]: Byte order: LITTLE_ENDIAN
2012-06-11 10:56:46,836 DEBUG [neo4j.diagnostics]: JVM information:
2012-06-11 10:56:46,836 DEBUG [neo4j.diagnostics]: VM Name: Java HotSpot(TM) 64-Bit Server VM
2012-06-11 10:56:46,836 DEBUG [neo4j.diagnostics]: VM Vendor: Apple Inc.
2012-06-11 10:56:46,836 DEBUG [neo4j.diagnostics]: VM Version: 20.6-b01-415
2012-06-11 10:56:46,836 DEBUG [neo4j.diagnostics]: JIT compiler: HotSpot 64-Bit Tiered Compilers
2012-06-11 10:56:46,837 DEBUG [neo4j.diagnostics]: VM Arguments: [-Xserver, -XX:+DisableExplicitGC, -Dorg.neo4j.server.properties=conf/neo4j-server.properties, -Djava.util.logging.config.file=conf/logging.properties, -Dfile.encoding=UTF-8, -Dlog4j.configuration=file:conf/log4j.properties, -Dorg.neo4j.server.properties=/Users/rth/Code/Neo4j/neo4j-community-1.8.M03/conf/neo4j-server.properties, -Djava.util.logging.config.file=/Users/rth/Code/Neo4j/neo4j-community-1.8.M03/conf/logging.properties, -Dneo4j.home=/Users/rth/Code/Neo4j/neo4j-community-1.8.M03, -Dneo4j.instance=/Users/rth/Code/Neo4j/neo4j-community-1.8.M03]
2012-06-11 10:56:46,837 DEBUG [neo4j.diagnostics]: Java classpath:
2012-06-11 10:56:46,843 DEBUG [neo4j.diagnostics]:  [bootstrap] /System/Library/Java/JavaVirtualMachines/1.6.0.jdk/Contents/Classes/charsets.jar
2012-06-11 10:56:46,843 DEBUG [neo4j.diagnostics]:  [classpath + loader.0] file:/Users/rth/Code/Neo4j/neo4j-community-1.8.M03/system/lib/neo4j-server-1.8.M03.jar
2012-06-11 10:56:46,843 DEBUG [neo4j.diagnostics]:  [classpath + loader.0] file:/Users/rth/Code/Neo4j/neo4j-community-1.8.M03/system/lib/commons-beanutils-core-1.8.0.jar
2012-06-11 10:56:46,843 DEBUG [neo4j.diagnostics]:  [loader.1] file:/System/Library/Java/Extensions/dns_sd.jar
2012-06-11 10:56:46,843 DEBUG [neo4j.diagnostics]:  [bootstrap] /System/Library/Frameworks/JavaVM.framework/Versions/A/Frameworks/JavaRuntimeSupport.framework/Versions/A/Resources/Java/JavaRuntimeSupport.jar
2012-06-11 10:56:46,843 DEBUG [neo4j.diagnostics]:  [classpath + loader.0] file:/Users/rth/Code/Neo4j/neo4j-community-1.8.M03/system/lib/servlet-api-2.5-20081211.jar
2012-06-11 10:56:46,843 DEBUG [neo4j.diagnostics]:  [classpath + loader.0] file:/Users/rth/Code/Neo4j/neo4j-community-1.8.M03/system/lib/commons-io-1.4.jar
2012-06-11 10:56:46,844 DEBUG [neo4j.diagnostics]:  [classpath + loader.0] file:/Users/rth/Code/Neo4j/neo4j-community-1.8.M03/system/lib/commons-logging-1.1.1.jar
2012-06-11 10:56:46,844 DEBUG [neo4j.diagnostics]:  [loader.1] file:/System/Library/Java/Extensions/MRJToolkit.jar
2012-06-11 10:56:46,844 DEBUG [neo4j.diagnostics]:  [classpath + loader.0] file:/Users/rth/Code/Neo4j/neo4j-community-1.8.M03/system/lib/jersey-multipart-1.9.jar
2012-06-11 10:56:46,844 DEBUG [neo4j.diagnostics]:  [loader.1] file:/System/Library/Java/Extensions/vecmath.jar
2012-06-11 10:56:46,844 DEBUG [neo4j.diagnostics]:  [classpath + loader.0] file:/Users/rth/Code/Neo4j/neo4j-community-1.8.M03/system/lib/commons-lang-2.4.jar
2012-06-11 10:56:46,844 DEBUG [neo4j.diagnostics]:  [classpath + loader.0] file:/Users/rth/Code/Neo4j/neo4j-community-1.8.M03/lib/lucene-core-3.5.0.jar
2012-06-11 10:56:46,844 DEBUG [neo4j.diagnostics]:  [loader.1] file:/System/Library/Java/Extensions/libmlib_jai.jnilib
2012-06-11 10:56:46,844 DEBUG [neo4j.diagnostics]:  [classpath + loader.0] file:/Users/rth/Code/Neo4j/neo4j-community-1.8.M03/system/lib/asm-3.1.jar
2012-06-11 10:56:46,844 DEBUG [neo4j.diagnostics]:  [classpath + loader.0] file:/Users/rth/Code/Neo4j/neo4j-community-1.8.M03/system/lib/jcl-over-slf4j-1.6.1.jar
2012-06-11 10:56:46,844 DEBUG [neo4j.diagnostics]:  [classpath + loader.0] file:/Users/rth/Code/Neo4j/neo4j-community-1.8.M03/system/lib/neo4j-cypher-plugin-1.8.M03.jar
2012-06-11 10:56:46,844 DEBUG [neo4j.diagnostics]:  [classpath + loader.0] file:/Users/rth/Code/Neo4j/neo4j-community-1.8.M03/system/lib/jsr311-api-1.1.2.r612.jar
2012-06-11 10:56:46,844 DEBUG [neo4j.diagnostics]:  [classpath + loader.0] file:/Users/rth/Code/Neo4j/neo4j-community-1.8.M03/lib/org.apache.servicemix.bundles.jline-0.9.94_1.jar
2012-06-11 10:56:46,844 DEBUG [neo4j.diagnostics]:  [classpath + loader.0] file:/Users/rth/Code/Neo4j/neo4j-community-1.8.M03/system/lib/asm-tree-3.2.jar
2012-06-11 10:56:46,844 DEBUG [neo4j.diagnostics]:  [loader.1] file:/System/Library/Java/JavaVirtualMachines/1.6.0.jdk/Contents/Home/lib/ext/dnsns.jar
2012-06-11 10:56:46,844 DEBUG [neo4j.diagnostics]:  [classpath + loader.0] file:/Users/rth/Code/Neo4j/neo4j-community-1.8.M03/lib/neo4j-graph-matching-1.8.M03.jar
2012-06-11 10:56:46,844 DEBUG [neo4j.diagnostics]:  [classpath + loader.0] file:/Users/rth/Code/Neo4j/neo4j-community-1.8.M03/system/lib/asm-analysis-3.2.jar
2012-06-11 10:56:46,844 DEBUG [neo4j.diagnostics]:  [bootstrap] /System/Library/Java/JavaVirtualMachines/1.6.0.jdk/Contents/Classes/laf.jar
2012-06-11 10:56:46,844 DEBUG [neo4j.diagnostics]:  [loader.1] file:/System/Library/Java/Extensions/libJ3D.jnilib
2012-06-11 10:56:46,844 DEBUG [neo4j.diagnostics]:  [loader.1] file:/System/Library/Java/Extensions/mlibwrapper_jai.jar
2012-06-11 10:56:46,844 DEBUG [neo4j.diagnostics]:  [classpath + loader.0] file:/Users/rth/Code/Neo4j/neo4j-community-1.8.M03/system/lib/jackson-mapper-asl-1.8.3.jar
2012-06-11 10:56:46,844 DEBUG [neo4j.diagnostics]:  [bootstrap] /System/Library/Java/JavaVirtualMachines/1.6.0.jdk/Contents/Classes/classes.jar
2012-06-11 10:56:46,844 DEBUG [neo4j.diagnostics]:  [loader.1] file:/System/Library/Java/JavaVirtualMachines/1.6.0.jdk/Contents/Home/lib/ext/localedata.jar
2012-06-11 10:56:46,845 DEBUG [neo4j.diagnostics]:  [classpath + loader.0] file:/Users/rth/Code/Neo4j/neo4j-community-1.8.M03/system/lib/slf4j-api-1.6.2.jar
2012-06-11 10:56:46,845 DEBUG [neo4j.diagnostics]:  [classpath + loader.0] file:/Users/rth/Code/Neo4j/neo4j-community-1.8.M03/system/lib/jackson-jaxrs-1.8.3.jar
2012-06-11 10:56:46,845 DEBUG [neo4j.diagnostics]:  [loader.1] file:/System/Library/Java/Extensions/QTJava.zip
2012-06-11 10:56:46,845 DEBUG [neo4j.diagnostics]:  [classpath + loader.0] file:/Users/rth/Code/Neo4j/neo4j-community-1.8.M03/system/lib/pipes-1.0.jar
2012-06-11 10:56:46,845 DEBUG [neo4j.diagnostics]:  [classpath + loader.0] file:/Users/rth/Code/Neo4j/neo4j-community-1.8.M03/system/lib/jersey-core-1.9.jar
2012-06-11 10:56:46,845 DEBUG [neo4j.diagnostics]:  [classpath + loader.0] file:/Users/rth/Code/Neo4j/neo4j-community-1.8.M03/system/lib/mimepull-1.6.jar
2012-06-11 10:56:46,845 DEBUG [neo4j.diagnostics]:  [classpath + loader.0] file:/Users/rth/Code/Neo4j/neo4j-community-1.8.M03/system/lib/neo4j-gremlin-plugin-1.8.M03.jar
2012-06-11 10:56:46,845 DEBUG [neo4j.diagnostics]:  [classpath + loader.0] file:/Users/rth/Code/Neo4j/neo4j-community-1.8.M03/lib/geronimo-jta_1.1_spec-1.1.1.jar
2012-06-11 10:56:46,845 DEBUG [neo4j.diagnostics]:  [loader.1] file:/System/Library/Java/Extensions/libJ3DAudio.jnilib
2012-06-11 10:56:46,845 DEBUG [neo4j.diagnostics]:  [loader.1] file:/System/Library/Java/Extensions/libAppleScriptEngine.jnilib
2012-06-11 10:56:46,845 DEBUG [neo4j.diagnostics]:  [bootstrap] /System/Library/Java/JavaVirtualMachines/1.6.0.jdk/Contents/Classes/ui.jar
2012-06-11 10:56:46,845 DEBUG [neo4j.diagnostics]:  [loader.1] file:/System/Library/Java/Extensions/j3daudio.jar
2012-06-11 10:56:46,845 DEBUG [neo4j.diagnostics]:  [classpath + loader.0] file:/Users/rth/Code/Neo4j/neo4j-community-1.8.M03/lib/neo4j-udc-1.8.M03.jar
2012-06-11 10:56:46,845 DEBUG [neo4j.diagnostics]:  [loader.1] file:/System/Library/Java/Extensions/libJ3DUtils.jnilib
2012-06-11 10:56:46,845 DEBUG [neo4j.diagnostics]:  [classpath + loader.0] file:/Users/rth/Code/Neo4j/neo4j-community-1.8.M03/system/lib/commons-collections-3.2.1.jar
2012-06-11 10:56:46,845 DEBUG [neo4j.diagnostics]:  [loader.1] file:/System/Library/Java/Extensions/libQTJNative.jnilib
2012-06-11 10:56:46,845 DEBUG [neo4j.diagnostics]:  [loader.1] file:/System/Library/Java/Extensions/j3dcore.jar
2012-06-11 10:56:46,845 DEBUG [neo4j.diagnostics]:  [classpath + loader.0] file:/Users/rth/Code/Neo4j/neo4j-community-1.8.M03/lib/scala-library-2.9.1-1.jar
2012-06-11 10:56:46,845 DEBUG [neo4j.diagnostics]:  [classpath + loader.0] file:/Users/rth/Code/Neo4j/neo4j-community-1.8.M03/system/lib/asm-commons-3.2.jar
2012-06-11 10:56:46,845 DEBUG [neo4j.diagnostics]:  [classpath + loader.0] file:/Users/rth/Code/Neo4j/neo4j-community-1.8.M03/system/lib/bcprov-jdk16-140.jar
2012-06-11 10:56:46,845 DEBUG [neo4j.diagnostics]:  [classpath + loader.0] file:/Users/rth/Code/Neo4j/neo4j-community-1.8.M03/lib/neo4j-shell-1.8.M03.jar
2012-06-11 10:56:46,846 DEBUG [neo4j.diagnostics]:  [bootstrap] /System/Library/Java/JavaVirtualMachines/1.6.0.jdk/Contents/Classes/sunrsasign.jar
2012-06-11 10:56:46,846 DEBUG [neo4j.diagnostics]:  [classpath + loader.0] file:/Users/rth/Code/Neo4j/neo4j-community-1.8.M03/system/lib/stax-api-1.0.1.jar
2012-06-11 10:56:46,846 DEBUG [neo4j.diagnostics]:  [loader.1] file:/System/Library/Java/Extensions/j3dutils.jar
2012-06-11 10:56:46,846 DEBUG [neo4j.diagnostics]:  [classpath + loader.0] file:/Users/rth/Code/Neo4j/neo4j-community-1.8.M03/system/lib/logback-classic-0.9.30.jar
2012-06-11 10:56:46,846 DEBUG [neo4j.diagnostics]:  [loader.1] file:/System/Library/Java/Extensions/jai_core.jar
2012-06-11 10:56:46,846 DEBUG [neo4j.diagnostics]:  [classpath + loader.0] file:/Users/rth/Code/Neo4j/neo4j-community-1.8.M03/system/lib/jersey-server-1.9.jar
2012-06-11 10:56:46,846 DEBUG [neo4j.diagnostics]:  [classpath + loader.0] file:/Users/rth/Code/Neo4j/neo4j-community-1.8.M03/system/lib/asm-util-3.2.jar
2012-06-11 10:56:46,846 DEBUG [neo4j.diagnostics]:  [classpath + loader.0] file:/Users/rth/Code/Neo4j/neo4j-community-1.8.M03/system/lib/logback-core-0.9.30.jar
2012-06-11 10:56:46,846 DEBUG [neo4j.diagnostics]:  [classpath + loader.0] file:/Users/rth/Code/Neo4j/neo4j-community-1.8.M03/system/lib/jetty-6.1.25.jar
2012-06-11 10:56:46,846 DEBUG [neo4j.diagnostics]:  [classpath + loader.0] file:/Users/rth/Code/Neo4j/neo4j-community-1.8.M03/lib/server-api-1.8.M03.jar
2012-06-11 10:56:46,846 DEBUG [neo4j.diagnostics]:  [classpath + loader.0] file:/Users/rth/Code/Neo4j/neo4j-community-1.8.M03/system/lib/gremlin-groovy-1.5.jar
2012-06-11 10:56:46,846 DEBUG [neo4j.diagnostics]:  [loader.1] file:/System/Library/Java/Extensions/jai_codec.jar
2012-06-11 10:56:46,846 DEBUG [neo4j.diagnostics]:  [classpath + loader.0] file:/Users/rth/Code/Neo4j/neo4j-community-1.8.M03/system/lib/logback-access-0.9.30.jar
2012-06-11 10:56:46,846 DEBUG [neo4j.diagnostics]:  [classpath + loader.0] file:/Users/rth/Code/Neo4j/neo4j-community-1.8.M03/system/lib/jettison-1.3.jar
2012-06-11 10:56:46,846 DEBUG [neo4j.diagnostics]:  [classpath + loader.0] file:/Users/rth/Code/Neo4j/neo4j-community-1.8.M03/system/lib/jetty-util-6.1.25.jar
2012-06-11 10:56:46,846 DEBUG [neo4j.diagnostics]:  [classpath + loader.0] file:/Users/rth/Code/Neo4j/neo4j-community-1.8.M03/system/lib/commons-beanutils-1.8.0.jar
2012-06-11 10:56:46,846 DEBUG [neo4j.diagnostics]:  [classpath + loader.0] file:/Users/rth/Code/Neo4j/neo4j-community-1.8.M03/lib/neo4j-cypher-1.8.M03.jar
2012-06-11 10:56:46,846 DEBUG [neo4j.diagnostics]:  [loader.1] file:/System/Library/Java/JavaVirtualMachines/1.6.0.jdk/Contents/Home/lib/ext/sunjce_provider.jar
2012-06-11 10:56:46,846 DEBUG [neo4j.diagnostics]:  [classpath + loader.0] file:/Users/rth/Code/Neo4j/neo4j-community-1.8.M03/system/lib/jansi-1.5.jar
2012-06-11 10:56:46,846 DEBUG [neo4j.diagnostics]:  [classpath + loader.0] file:/Users/rth/Code/Neo4j/neo4j-community-1.8.M03/system/lib/janino-2.5.10.jar
2012-06-11 10:56:46,847 DEBUG [neo4j.diagnostics]:  [classpath + loader.0] file:/Users/rth/Code/Neo4j/neo4j-community-1.8.M03/lib/neo4j-jmx-1.8.M03.jar
2012-06-11 10:56:46,847 DEBUG [neo4j.diagnostics]:  [classpath + loader.0] file:/Users/rth/Code/Neo4j/neo4j-community-1.8.M03/lib/neo4j-kernel-1.8.M03.jar
2012-06-11 10:56:46,847 DEBUG [neo4j.diagnostics]:  [classpath + loader.0] file:/Users/rth/Code/Neo4j/neo4j-community-1.8.M03/system/lib/neo4j-server-1.8.M03-static-web.jar
2012-06-11 10:56:46,847 DEBUG [neo4j.diagnostics]:  [bootstrap] /System/Library/Java/JavaVirtualMachines/1.6.0.jdk/Contents/Home/lib/jce.jar
2012-06-11 10:56:46,847 DEBUG [neo4j.diagnostics]:  [classpath + loader.0] file:/Users/rth/Code/Neo4j/neo4j-community-1.8.M03/system/lib/commons-configuration-1.6.jar
2012-06-11 10:56:46,847 DEBUG [neo4j.diagnostics]:  [classpath + loader.0] file:/Users/rth/Code/Neo4j/neo4j-community-1.8.M03/system/lib/jackson-core-asl-1.8.3.jar
2012-06-11 10:56:46,847 DEBUG [neo4j.diagnostics]:  [classpath + loader.0] file:/Users/rth/Code/Neo4j/neo4j-community-1.8.M03/system/lib/commons-digester-1.8.1.jar
2012-06-11 10:56:46,847 DEBUG [neo4j.diagnostics]:  [bootstrap] /System/Library/Java/JavaVirtualMachines/1.6.0.jdk/Contents/Classes/jsse.jar
2012-06-11 10:56:46,847 DEBUG [neo4j.diagnostics]:  [classpath + loader.0] file:/Users/rth/Code/Neo4j/neo4j-community-1.8.M03/system/lib/groovy-1.8.5.jar
2012-06-11 10:56:46,847 DEBUG [neo4j.diagnostics]:  [classpath + loader.0] file:/Users/rth/Code/Neo4j/neo4j-community-1.8.M03/system/lib/blueprints-core-1.2.jar
2012-06-11 10:56:46,847 DEBUG [neo4j.diagnostics]:  [classpath + loader.0] file:/Users/rth/Code/Neo4j/neo4j-community-1.8.M03/system/lib/rrd4j-2.0.7.jar
2012-06-11 10:56:46,847 DEBUG [neo4j.diagnostics]:  [loader.1] file:/System/Library/Java/Extensions/AppleScriptEngine.jar
2012-06-11 10:56:46,847 DEBUG [neo4j.diagnostics]:  [classpath + loader.0] file:/Users/rth/Code/Neo4j/neo4j-community-1.8.M03/lib/neo4j-lucene-index-1.8.M03.jar
2012-06-11 10:56:46,847 DEBUG [neo4j.diagnostics]:  [classpath + loader.0] file:/Users/rth/Code/Neo4j/neo4j-community-1.8.M03/lib/neo4j-graph-algo-1.8.M03.jar
2012-06-11 10:56:46,847 DEBUG [neo4j.diagnostics]:  [loader.1] file:/System/Library/Java/JavaVirtualMachines/1.6.0.jdk/Contents/Home/lib/ext/apple_provider.jar
2012-06-11 10:56:46,847 DEBUG [neo4j.diagnostics]:  [bootstrap] /System/Library/Java/JavaVirtualMachines/1.6.0.jdk/Contents/Classes/jsfd.jar
2012-06-11 10:56:46,847 DEBUG [neo4j.diagnostics]:  [classpath + loader.0] file:/Users/rth/Code/Neo4j/neo4j-community-1.8.M03/system/lib/blueprints-neo4j-graph-1.2.jar
2012-06-11 10:56:46,847 DEBUG [neo4j.diagnostics]:  [loader.1] file:/System/Library/Java/JavaVirtualMachines/1.6.0.jdk/Contents/Home/lib/ext/sunpkcs11.jar
2012-06-11 10:56:46,847 DEBUG [neo4j.diagnostics]:  [classpath + loader.0] file:/Users/rth/Code/Neo4j/neo4j-community-1.8.M03/system/lib/antlr-2.7.7.jar
2012-06-11 10:56:46,847 DEBUG [neo4j.diagnostics]:  [classpath + loader.0] file:/Users/rth/Code/Neo4j/neo4j-community-1.8.M03/system/lib/gremlin-java-1.5.jar
2012-06-11 10:56:46,848 DEBUG [neo4j.diagnostics]: Library path:
2012-06-11 10:56:46,848 DEBUG [neo4j.diagnostics]: /Users/rth/Code/Neo4j/neo4j-community-1.8.M03
2012-06-11 10:56:46,848 DEBUG [neo4j.diagnostics]: /Library/Java/Extensions
2012-06-11 10:56:46,848 DEBUG [neo4j.diagnostics]: /System/Library/Java/Extensions
2012-06-11 10:56:46,848 DEBUG [neo4j.diagnostics]: /usr/lib/java
2012-06-11 10:56:46,848 DEBUG [neo4j.diagnostics]: System.properties:
2012-06-11 10:56:46,849 DEBUG [neo4j.diagnostics]: sun.boot.library.path = /System/Library/Java/JavaVirtualMachines/1.6.0.jdk/Contents/Libraries
2012-06-11 10:56:46,849 DEBUG [neo4j.diagnostics]: awt.nativeDoubleBuffering = true
2012-06-11 10:56:46,849 DEBUG [neo4j.diagnostics]: org.neo4j.server.properties = /Users/rth/Code/Neo4j/neo4j-community-1.8.M03/conf/neo4j-server.properties
2012-06-11 10:56:46,849 DEBUG [neo4j.diagnostics]: gopherProxySet = false
2012-06-11 10:56:46,849 DEBUG [neo4j.diagnostics]: mrj.build = 11M3635
2012-06-11 10:56:46,849 DEBUG [neo4j.diagnostics]: path.separator = :
2012-06-11 10:56:46,849 DEBUG [neo4j.diagnostics]: file.encoding.pkg = sun.io
2012-06-11 10:56:46,849 DEBUG [neo4j.diagnostics]: sun.java.launcher = SUN_STANDARD
2012-06-11 10:56:46,849 DEBUG [neo4j.diagnostics]: user.country = US
2012-06-11 10:56:46,849 DEBUG [neo4j.diagnostics]: sun.os.patch.level = unknown
2012-06-11 10:56:46,849 DEBUG [neo4j.diagnostics]: user.dir = /Users/rth/Code/Neo4j/neo4j-community-1.8.M03
2012-06-11 10:56:46,849 DEBUG [neo4j.diagnostics]: log4j.configuration = file:conf/log4j.properties
2012-06-11 10:56:46,849 DEBUG [neo4j.diagnostics]: sun.jnu.encoding = MacRoman
2012-06-11 10:56:46,849 DEBUG [neo4j.diagnostics]: sun.management.compiler = HotSpot 64-Bit Tiered Compilers
2012-06-11 10:56:46,849 DEBUG [neo4j.diagnostics]: http.nonProxyHosts = local|*.local|169.254/16|*.169.254/16
2012-06-11 10:56:46,849 DEBUG [neo4j.diagnostics]: user.home = /Users/rth
2012-06-11 10:56:46,849 DEBUG [neo4j.diagnostics]: user.timezone = America/Chicago
2012-06-11 10:56:46,849 DEBUG [neo4j.diagnostics]: file.encoding = UTF-8
2012-06-11 10:56:46,849 DEBUG [neo4j.diagnostics]: user.name = rth
2012-06-11 10:56:46,849 DEBUG [neo4j.diagnostics]: sun.java.command = org.neo4j.server.Bootstrapper
2012-06-11 10:56:46,849 DEBUG [neo4j.diagnostics]: sun.arch.data.model = 64
2012-06-11 10:56:46,849 DEBUG [neo4j.diagnostics]: user.language = en
2012-06-11 10:56:46,849 DEBUG [neo4j.diagnostics]: awt.toolkit = apple.awt.CToolkit
2012-06-11 10:56:46,849 DEBUG [neo4j.diagnostics]: file.separator = /
2012-06-11 10:56:46,849 DEBUG [neo4j.diagnostics]: sun.io.unicode.encoding = UnicodeLittle
2012-06-11 10:56:46,849 DEBUG [neo4j.diagnostics]: sun.cpu.endian = little
2012-06-11 10:56:46,849 DEBUG [neo4j.diagnostics]: mrj.version = 1070.1.6.0_31-415
2012-06-11 10:56:46,850 DEBUG [neo4j.diagnostics]: socksNonProxyHosts = local|*.local|169.254/16|*.169.254/16
2012-06-11 10:56:46,850 DEBUG [neo4j.diagnostics]: neo4j.instance = /Users/rth/Code/Neo4j/neo4j-community-1.8.M03
2012-06-11 10:56:46,850 DEBUG [neo4j.diagnostics]: ftp.nonProxyHosts = local|*.local|169.254/16|*.169.254/16
2012-06-11 10:56:46,850 DEBUG [neo4j.diagnostics]: neo4j.home = /Users/rth/Code/Neo4j/neo4j-community-1.8.M03
2012-06-11 10:56:46,850 DEBUG [neo4j.diagnostics]: sun.cpu.isalist = 
2012-06-11 10:56:46,850 DEBUG [neo4j.diagnostics]: --- STARTUP diagnostics END ---
2012-06-11 10:56:46,905 INFO  [neo4j.extension]: Extension org.neo4j.kernel.KernelExtension[kernel jmx] loaded ok
2012-06-11 10:56:47,033 INFO  [neo4j.extension]: Extension org.neo4j.kernel.KernelExtension[shell] loaded ok
2012-06-11 10:56:47,065 INFO  [neo4j.extension]: Extension org.neo4j.kernel.KernelExtension[kernel udc] loaded ok
2012-06-11 10:56:47,069 DEBUG [neo4j.diagnostics]: --- STARTUP diagnostics for KernelDiagnostics:Versions START ---
2012-06-11 10:56:47,069 DEBUG [neo4j.diagnostics]: Graph Database: org.neo4j.kernel.EmbeddedGraphDatabase StoreId[time:1339429709154, id:-9045575138078631087, store version: 13561656364791302]
2012-06-11 10:56:47,069 DEBUG [neo4j.diagnostics]: Kernel version: Neo4j - Graph Database Kernel 1.8.M03
2012-06-11 10:56:47,069 DEBUG [neo4j.diagnostics]: Neo4j component versions:
2012-06-11 10:56:47,070 DEBUG [neo4j.diagnostics]:   Neo4j - Graph Database Kernel 1.8.M03
2012-06-11 10:56:47,070 DEBUG [neo4j.diagnostics]: --- STARTUP diagnostics for KernelDiagnostics:Versions END ---
2012-06-11 10:56:47,073 DEBUG [neo4j.diagnostics]: --- STARTUP diagnostics for NEO_STORE_VERSIONS START ---
2012-06-11 10:56:47,073 DEBUG [neo4j.diagnostics]: Store versions:
2012-06-11 10:56:47,073 DEBUG [neo4j.diagnostics]: Store versions:
2012-06-11 10:56:47,073 DEBUG [neo4j.diagnostics]:   NeoStore v0.A.0
2012-06-11 10:56:47,073 DEBUG [neo4j.diagnostics]:   NodeStore v0.A.0
2012-06-11 10:56:47,074 DEBUG [neo4j.diagnostics]:   RelationshipStore v0.A.0
2012-06-11 10:56:47,074 DEBUG [neo4j.diagnostics]:   RelationshipTypeStore v0.A.0
2012-06-11 10:56:47,074 DEBUG [neo4j.diagnostics]:   PropertyStore v0.A.0
2012-06-11 10:56:47,074 DEBUG [neo4j.diagnostics]:   PropertyIndexStore v0.A.0
2012-06-11 10:56:47,074 DEBUG [neo4j.diagnostics]:   StringPropertyStore v0.A.0
2012-06-11 10:56:47,074 DEBUG [neo4j.diagnostics]:   ArrayPropertyStore v0.A.0
2012-06-11 10:56:47,074 DEBUG [neo4j.diagnostics]: --- STARTUP diagnostics for NEO_STORE_VERSIONS END ---
2012-06-11 10:56:47,074 DEBUG [neo4j.diagnostics]: --- STARTUP diagnostics for NEO_STORE_ID_USAGE START ---
2012-06-11 10:56:47,074 DEBUG [neo4j.diagnostics]: Id usage:
2012-06-11 10:56:47,074 DEBUG [neo4j.diagnostics]: Id usage:
2012-06-11 10:56:47,075 DEBUG [neo4j.diagnostics]:   NodeStore: used=1 high=0
2012-06-11 10:56:47,075 DEBUG [neo4j.diagnostics]:   RelationshipStore: used=0 high=-1
2012-06-11 10:56:47,075 DEBUG [neo4j.diagnostics]:   RelationshipTypeStore: used=0 high=-1
2012-06-11 10:56:47,075 DEBUG [neo4j.diagnostics]:   PropertyStore: used=0 high=-1
2012-06-11 10:56:47,075 DEBUG [neo4j.diagnostics]:   PropertyIndexStore: used=0 high=-1
2012-06-11 10:56:47,076 DEBUG [neo4j.diagnostics]:   StringPropertyStore: used=1 high=0
2012-06-11 10:56:47,076 DEBUG [neo4j.diagnostics]:   ArrayPropertyStore: used=1 high=0
2012-06-11 10:56:47,076 DEBUG [neo4j.diagnostics]: --- STARTUP diagnostics for NEO_STORE_ID_USAGE END ---
2012-06-11 10:56:47,076 DEBUG [neo4j.diagnostics]: --- STARTUP diagnostics for KernelDiagnostics:StoreFiles START ---
2012-06-11 10:56:47,076 DEBUG [neo4j.diagnostics]: Storage files:
2012-06-11 10:56:47,077 DEBUG [neo4j.diagnostics]: active_tx_log: 11.00 B
2012-06-11 10:56:47,077 DEBUG [neo4j.diagnostics]: index:
2012-06-11 10:56:47,077 DEBUG [neo4j.diagnostics]:   lucene-store.db: 40.00 B
2012-06-11 10:56:47,078 DEBUG [neo4j.diagnostics]:   lucene.log.1: 16.00 B
2012-06-11 10:56:47,078 DEBUG [neo4j.diagnostics]:   lucene.log.active: 4.00 B
2012-06-11 10:56:47,078 DEBUG [neo4j.diagnostics]:   lucene.log.v0: 16.00 B
2012-06-11 10:56:47,078 DEBUG [neo4j.diagnostics]: - Total: 76.00 B
2012-06-11 10:56:47,079 DEBUG [neo4j.diagnostics]: lock: 0.00 B
2012-06-11 10:56:47,079 DEBUG [neo4j.diagnostics]: messages.log: 63.19 kB
2012-06-11 10:56:47,079 DEBUG [neo4j.diagnostics]: neostore: 54.00 B
2012-06-11 10:56:47,079 DEBUG [neo4j.diagnostics]: neostore.id: 9.00 B
2012-06-11 10:56:47,080 DEBUG [neo4j.diagnostics]: neostore.nodestore.db: 9.00 B
2012-06-11 10:56:47,080 DEBUG [neo4j.diagnostics]: neostore.nodestore.db.id: 9.00 B
2012-06-11 10:56:47,080 DEBUG [neo4j.diagnostics]: neostore.propertystore.db: 0.00 B
2012-06-11 10:56:47,080 DEBUG [neo4j.diagnostics]: neostore.propertystore.db.arrays: 128.00 B
2012-06-11 10:56:47,080 DEBUG [neo4j.diagnostics]: neostore.propertystore.db.arrays.id: 9.00 B
2012-06-11 10:56:47,081 DEBUG [neo4j.diagnostics]: neostore.propertystore.db.id: 9.00 B
2012-06-11 10:56:47,081 DEBUG [neo4j.diagnostics]: neostore.propertystore.db.index: 0.00 B
2012-06-11 10:56:47,081 DEBUG [neo4j.diagnostics]: neostore.propertystore.db.index.id: 9.00 B
2012-06-11 10:56:47,081 DEBUG [neo4j.diagnostics]: neostore.propertystore.db.index.keys: 38.00 B
2012-06-11 10:56:47,082 DEBUG [neo4j.diagnostics]: neostore.propertystore.db.index.keys.id: 9.00 B
2012-06-11 10:56:47,082 DEBUG [neo4j.diagnostics]: neostore.propertystore.db.strings: 128.00 B
2012-06-11 10:56:47,082 DEBUG [neo4j.diagnostics]: neostore.propertystore.db.strings.id: 9.00 B
2012-06-11 10:56:47,082 DEBUG [neo4j.diagnostics]: neostore.relationshipstore.db: 0.00 B
2012-06-11 10:56:47,083 DEBUG [neo4j.diagnostics]: neostore.relationshipstore.db.id: 9.00 B
2012-06-11 10:56:47,083 DEBUG [neo4j.diagnostics]: neostore.relationshiptypestore.db: 0.00 B
2012-06-11 10:56:47,083 DEBUG [neo4j.diagnostics]: neostore.relationshiptypestore.db.id: 9.00 B
2012-06-11 10:56:47,083 DEBUG [neo4j.diagnostics]: neostore.relationshiptypestore.db.names: 38.00 B
2012-06-11 10:56:47,084 DEBUG [neo4j.diagnostics]: neostore.relationshiptypestore.db.names.id: 9.00 B
2012-06-11 10:56:47,084 DEBUG [neo4j.diagnostics]: nioneo_logical.log.1: 16.00 B
2012-06-11 10:56:47,084 DEBUG [neo4j.diagnostics]: nioneo_logical.log.active: 4.00 B
2012-06-11 10:56:47,084 DEBUG [neo4j.diagnostics]: nioneo_logical.log.v0: 16.00 B
2012-06-11 10:56:47,085 DEBUG [neo4j.diagnostics]: tm_tx_log.1: 0.00 B
2012-06-11 10:56:47,085 DEBUG [neo4j.diagnostics]: --- STARTUP diagnostics for KernelDiagnostics:StoreFiles END ---
2012-06-11 10:56:47,086 INFO  [neo4j]: Started - database is now available
2012-06-11 10:56:47,086 INFO  [neo4j]: GC Monitor started. 
2012-06-11 10:56:47,089 DEBUG [neo4j.diagnostics]: --- SERVER STARTUP START ---
2012-06-11 10:56:47,089 DEBUG [neo4j.diagnostics]: --- STARTUP diagnostics for org.neo4j.server.configuration.Configurator START ---
2012-06-11 10:56:47,092 DEBUG [neo4j.diagnostics]: Server configuration:
2012-06-11 10:56:47,092 DEBUG [neo4j.diagnostics]: org.neo4j.server.database.location = data/graph.db
2012-06-11 10:56:47,092 DEBUG [neo4j.diagnostics]: org.neo4j.server.webserver.port = 7474
2012-06-11 10:56:47,092 DEBUG [neo4j.diagnostics]: org.neo4j.server.webserver.https.enabled = true
2012-06-11 10:56:47,093 DEBUG [neo4j.diagnostics]: org.neo4j.server.webserver.https.port = 7473
2012-06-11 10:56:47,093 DEBUG [neo4j.diagnostics]: org.neo4j.server.webserver.https.cert.location = conf/ssl/snakeoil.cert
2012-06-11 10:56:47,093 DEBUG [neo4j.diagnostics]: org.neo4j.server.webserver.https.key.location = conf/ssl/snakeoil.key
2012-06-11 10:56:47,093 DEBUG [neo4j.diagnostics]: org.neo4j.server.webserver.https.keystore.location = data/keystore
2012-06-11 10:56:47,093 DEBUG [neo4j.diagnostics]: org.neo4j.server.webadmin.rrdb.location = data/rrd
2012-06-11 10:56:47,093 DEBUG [neo4j.diagnostics]: org.neo4j.server.db.tuning.properties = conf/neo4j.properties
2012-06-11 10:56:47,093 DEBUG [neo4j.diagnostics]: org.neo4j.server.http.log.enabled = false
2012-06-11 10:56:47,093 DEBUG [neo4j.diagnostics]: org.neo4j.server.http.log.config = conf/neo4j-http-logging.xml
2012-06-11 10:56:47,093 DEBUG [neo4j.diagnostics]: org.neo4j.server.webadmin.management.uri = /db/manage/
2012-06-11 10:56:47,093 DEBUG [neo4j.diagnostics]: org.neo4j.server.webadmin.data.uri = /db/data/
2012-06-11 10:56:47,093 DEBUG [neo4j.diagnostics]: --- STARTUP diagnostics for org.neo4j.server.configuration.Configurator END ---
2012-06-11 10:56:47,112 DEBUG [neo4j.diagnostics]: Mounted discovery module (org.neo4j.server.rest.discovery) at: /
2012-06-11 10:56:47,163 DEBUG [neo4j.diagnostics]: Loaded server plugin "CypherPlugin" (org.neo4j.server.plugin.cypher.CypherPlugin)
2012-06-11 10:56:47,165 DEBUG [neo4j.diagnostics]:   GraphDatabaseService.execute_query: execute a query
2012-06-11 10:56:47,166 DEBUG [neo4j.diagnostics]: Loaded server plugin "GremlinPlugin" (org.neo4j.server.plugin.gremlin.GremlinPlugin)
2012-06-11 10:56:47,166 DEBUG [neo4j.diagnostics]:   GraphDatabaseService.execute_script: execute a Gremlin script with 'g' set to the Neo4jGraph and 'results' containing the results. Only results of one object type is supported.
2012-06-11 10:56:47,166 DEBUG [neo4j.diagnostics]: Mounted REST API at: /db/data/
2012-06-11 10:56:47,167 DEBUG [neo4j.diagnostics]: Mounted management API at: /db/manage/
2012-06-11 10:56:47,198 DEBUG [neo4j.diagnostics]: Mounted webadmin at: /webadmin
2012-06-11 10:56:48,814 DEBUG [neo4j.diagnostics]: Server started on: http://localhost:7474/
2012-06-11 10:56:48,814 DEBUG [neo4j.diagnostics]: --- SERVER STARTUP END ---
2012-06-11 11:32:31,194 INFO  [neo4j]: GC Monitor: Application threads blocked for an additional 43907ms [total block time: 43.907s]
2012-06-11 17:51:01,650 INFO  [neo4j]: GC Monitor: Application threads blocked for an additional 689ms [total block time: 44.596s]
2012-06-11 17:51:25,498 INFO  [neo4j]: GC Monitor: Application threads blocked for an additional 768ms [total block time: 45.364s]
2012-06-11 17:51:27,057 INFO  [neo4j]: GC Monitor: Application threads blocked for an additional 955ms [total block time: 46.319s]
2012-06-11 17:52:42,645 INFO  [neo4j]: GC Monitor: Application threads blocked for an additional 56016ms [total block time: 102.335s]
2012-06-11 21:36:55,067 INFO  [neo4j]: GC Monitor: Application threads blocked for an additional 13451920ms [total block time: 13554.255s]
2012-06-12 00:25:20,669 INFO  [neo4j]: GC Monitor: Application threads blocked for an additional 61540ms [total block time: 13615.795s]
2012-06-12 06:55:31,231 INFO  [neo4j]: GC Monitor: Application threads blocked for an additional 60053ms [total block time: 13675.848s]
2012-06-12 09:59:12,488 INFO  [neo4j]: GC Monitor: Application threads blocked for an additional 60393ms [total block time: 13736.241s]
2012-06-12 12:59:36,878 INFO  [neo4j]: Stopping - database is now unavailable
2012-06-12 12:59:36,879 INFO  [neo4j.txmanager]: TM shutting down
2012-06-12 12:59:36,890 INFO  [neo4j.datasource]: NeoStore closed
2012-06-12 12:59:36,890 DEBUG [neo4j.diagnostics]: --- SHUTDOWN diagnostics START ---
2012-06-12 12:59:36,890 DEBUG [neo4j.diagnostics]: --- SHUTDOWN diagnostics END ---
